Query: a -> {"version":"v1","count":10,"results":["aa","aabdknlvkc","aabrkcd","aadgdqrwdy","aagqg","aaiha","aainmxg","aajfebume","aajwv","aakfubvxv"]}
Query: aa -> {"version":"v1","count":10,"results":["aa","aabdknlvkc","aabrkcd","aadgdqrwdy","aagqg","aaiha","aainmxg","aajfebume","aajwv","aakfubvxv"]}
Query: ab -> {"version":"v1","count":10,"results":["ab","abagnc","abclmm","abgtppipcr","abl","abniagyl","abniep","abogjttu","abpwkj","abqsqh"]}
Query: ac -> {"version":"v1","count":10,"results":["ac","aca","acarnquq","acdr","acftjn","acgcolhnxx","achfscjhd","acjbgyunqg","acrlbuxxk","acshgcoc"]}
Query: ad -> {"version":"v1","count":10,"results":["ad","adadfnkvg","adajd","adbfgilhb","adcusevuug","addxqsfa","aderbx","adfepfaayh","adffclit","adgd"]}
Query: ae -> {"version":"v1","count":10,"results":["aeagfsosad","aebeserne","aed","aenujj","aeq","aeqoycysm","aesedfmqt","aeswxuiu","aeuknwm","aevtggavo"]}
Query: af -> {"version":"v1","count":10,"results":["af","afb","afcgjtfpc","afgrymxvzq","afhflkrhs","afjyyokuva","afkfz","afl","afmimzxb","afnz"]}
Query: ag -> {"version":"v1","count":10,"results":["aga","agbrqd","agdtrtmmzz","ageijaarwd","agepq","agex","agexa","aggci","aggdlv","agglx"]}
Query: ah -> {"version":"v1","count":10,"results":["ah","ahdajihh","ahgyw","ahlgaubyyq","ahm","ahnspl","ahpnohl","ahsvol","ahtqwdo","ahuj"]}
Query: ai -> {"version":"v1","count":10,"results":["ai","aiaiew","aidnmqqgu","aifboa","aifvrnov","aihy","aiij","aiis","ailzvvz","aimakompyx"]}
Query: aj -> {"version":"v1","count":10,"results":["aj","ajacbc","ajarpesg","ajdo","aji","ajiiutkjp","ajj","ajkrxyypv","ajn","ajosjccs"]}
Query: ak -> {"version":"v1","count":10,"results":["ak","akahcnvbc","akaxxprk","akbsxbfvp","akcho","akcyedbd","akdpsv","akf","akfamyndz","akgbz"]}
Query: al -> {"version":"v1","count":10,"results":["al","alcqtnx","alh","alivj","almx","alqmhaara","alr","alrw","aluxsn","alwg"]}
Query: am -> {"version":"v1","count":10,"results":["am","amadkhmu","ambiyg","amdgka","amdxodunev","amewgmpz","amhmxpp","amhqedxgc","ami","amjl"]}
Query: an -> {"version":"v1","count":10,"results":["an","ana","anckeida","andc","ane","anggwhwp","anhksmkhy","anhm","anisyvvnaj","annunpvg"]}
Query: ao -> {"version":"v1","count":10,"results":["ao","aocpuppvok","aoenj","aogexsdja","aoibc","aojrmqow","aokduqmex","aokl","aonaa","aopb"]}
Query: ap -> {"version":"v1","count":10,"results":["ap","apbztxcisq","apckzhlkg","apfux","apib","apieeolcu","apilatzeej","apmlndmaqc","apnhpzbagc","apoda"]}
Query: aq -> {"version":"v1","count":10,"results":["aq","aqb","aqdnajkz","aqeyoanzy","aqgwpkgj","aqjtintj","aqkvjm","aqnxvqbg","aqofecta","aqpc"]}
Query: ar -> {"version":"v1","count":10,"results":["ar","arcvbrxsm","areeo","arfrjkpxe","arjfxdvfxv","arl","armkz","armo","arnslguy","arowugdgwj"]}
Query: as -> {"version":"v1","count":10,"results":["as","asapelq","ascallr","aschojwlo","asd","aseipxum","asgxwvztbk","ash","asjwmyxt","askhzsr"]}
Query: at -> {"version":"v1","count":10,"results":["at","ata","atc","atfosxb","atjj","atnm","atobymajze","atpxv","att","atvmucbapc"]}
Query: au -> {"version":"v1","count":10,"results":["au","auahysb","aubnkpl","aucl","aueflnhda","auh","aujz","aul","aulriz","aursilg"]}
Query: av -> {"version":"v1","count":10,"results":["avb","avbfo","avccv","avcqg","avehnalwz","avfbdoak","avfjpey","avhbtpmr","avhmuh","avhojqxi"]}
Query: aw -> {"version":"v1","count":10,"results":["awaq","awbfe","aweegs","awjfvzh","awkd","awo","awqt","awrywkledl","awuzipliom","awvjicgrs"]}
Query: ax -> {"version":"v1","count":10,"results":["ax","axcmwtf","axfoxcgevy","axjown","axkl","axn","axrbkte","axrreouc","axtgq","axvjy"]}
Query: ay -> {"version":"v1","count":10,"results":["ay","ayabgjow","aybdox","aybpyqof","ayezn","aymcaccewl","ayona","ayos","ayqdcr","ayrgc"]}
Query: az -> {"version":"v1","count":10,"results":["az","azax","azbqyol","azdyhbtih","azef","azg","azhbuho","azhicxdj","azhv","azmmueb"]}
Query: b -> {"version":"v1","count":10,"results":["ba","baasruv","babfu","baezgu","bail","bajm","bamgoreltq","bao","bapah","baqpkfjn"]}
Query: ba -> {"version":"v1","count":10,"results":["ba","baasruv","babfu","baezgu","bail","bajm","bamgoreltq","bao","bapah","baqpkfjn"]}
Query: bb -> {"version":"v1","count":10,"results":["bb","bba","bbalebaapj","bbbirowzqd","bbcrb","bbdg","bbembdz","bbjucx","bbnhg","bbpjopla"]}
Query: bc -> {"version":"v1","count":10,"results":["bc","bcaivlafw","bcbaxyj","bcc","bccgl","bcece","bcgft","bcjw","bckzwyp","bcnmmbk"]}
Query: bd -> {"version":"v1","count":10,"results":["bd","bdb","bdcke","bddr","bdewviey","bdeyy","bdhi","bdhyvyb","bdl","bdmywz"]}
Query: be -> {"version":"v1","count":10,"results":["be","beawncle","bebaft","becptzxsq","begehrrcn","begg","behzhyotdm","bekb","bepuxib","bepv"]}
Query: bf -> {"version":"v1","count":10,"results":["bf","bfceeakt","bfeiuu","bffnjoff","bfhhgoxcxx","bfhhqwj","bfje","bfjqsc","bfmbchi","bftwly"]}
Query: bg -> {"version":"v1","count":10,"results":["bg","bgbljlno","bgcggwid","bgedjtfj","bgfzvg","bgguubh","bggxouk","bgj","bgjh","bgkyjxphkh"]}
Query: bh -> {"version":"v1","count":10,"results":["bh","bha","bhgawltmj","bhgdyauic","bhgtwgyw","bhgvrgj","bhj","bhjkhdpy","bhjlaixl","bhkabpnbe"]}
Query: bi -> {"version":"v1","count":10,"results":["biapvbecy","bidw","biftvxxccu","bifw","bihcmm","biiiayj","bikx","bim","bimi","bit"]}
Query: bj -> {"version":"v1","count":10,"results":["bj","bjbwz","bjerdvpgru","bjgu","bjgwmalf","bjgyorh","bjhzf","bjjnwpb","bjmec","bjmfnpklqv"]}
Query: bk -> {"version":"v1","count":10,"results":["bk","bkb","bkbqsoobd","bkhny","bkjkl","bknmci","bkqhnflkhj","bkrirwep","bkssulq","bkzcxqhbje"]}
Query: bl -> {"version":"v1","count":10,"results":["bl","blewkakc","blfdylq","blhlsjnqw","bljxtzh","blk","blonuyq","blpyzzlu","blqnlsbb","blr"]}
Query: bm -> {"version":"v1","count":10,"results":["bm","bmdzsja","bme","bmfwwrj","bmiychjwzm","bmiypnxcev","bmj","bmkkiul","bmlxjaqt","bmqnrkvjy"]}
Query: bn -> {"version":"v1","count":10,"results":["bn","bndncctti","bndrtmjeks","bnemdsib","bnemu","bnfz","bng","bngfykjpfu","bniv","bnmge"]}
Query: bo -> {"version":"v1","count":10,"results":["bo","boay","bob","bobiksm","bobtupd","bocv","bogdpopm","bolu","bopi","boquuoqfd"]}
Query: bp -> {"version":"v1","count":9,"results":["bp","bpahdxjv","bpbucru","bpinljyn","bpnrznkj","bps","bptrocgwdb","bpupkbki","bpvsir"]}
Query: bq -> {"version":"v1","count":10,"results":["bq","bqbigjrlp","bqbxgwjrws","bqegb","bqflwsxq","bqggeblpsb","bqhrp","bqjda","bqjzetrigh","bqkxjrwen"]}
Query: br -> {"version":"v1","count":10,"results":["br","brcnaenyi","brcsrptf","brgpe","brhadg","brhji","brhrpwy","brityeu","brja","brk"]}
Query: bs -> {"version":"v1","count":10,"results":["bs","bsatrrt","bsejc","bsgwu","bsipnipkye","bsirzvzksg","bsixql","bsj","bsmhrt","bsnzhdkzn"]}
Query: bt -> {"version":"v1","count":10,"results":["bt","btcgskbx","btdps","btejhtrde","btfybfowt","btjducjl","btkapxy","btqjsns","btsjv","btsznvjdke"]}
Query: bu -> {"version":"v1","count":10,"results":["bu","budc","buekpoxudy","bufzct","bugei","buiqdvzwe","bulrxhgv","bum","bump","buqxkb"]}
Query: bv -> {"version":"v1","count":10,"results":["bv","bvatn","bvaucmslwy","bvezn","bvfmjh","bvgmixtw","bvhc","bvl","bvmht","bvoers"]}
Query: bw -> {"version":"v1","count":10,"results":["bw","bweaelv","bwee","bwemco","bwhtpx","bwk","bwkapjzp","bwnlruedn","bwnskna","bwohcfa"]}
Query: bx -> {"version":"v1","count":10,"results":["bx","bxatlgvlf","bxayln","bxbames","bxfbbcfbs","bxflf","bxijoan","bxjmg","bxoetl","bxok"]}
Query: by -> {"version":"v1","count":10,"results":["by","bydvh","bygzkibgc","byhdsopwp","byi","byirrlfa","byn","byokvez","bypefvtq","byquwjmaza"]}
Query: bz -> {"version":"v1","count":10,"results":["bz","bzg","bzifeio","bzkmt","bznsfwcfl","bzowat","bzra","bzvb","bzvq","bzwhgtz"]}
Query: c -> {"version":"v1","count":10,"results":["cabjbqc","cad","caera","cagziczkw","cahxy","cai","caimjs","cajownyj","calarjkyph","camm"]}
Query: ca -> {"version":"v1","count":10,"results":["cabjbqc","cad","caera","cagziczkw","cahxy","cai","caimjs","cajownyj","calarjkyph","camm"]}
Query: cb -> {"version":"v1","count":10,"results":["cb","cbalurcniz","cbdehcvp","cbe","cbenjzlirq","cbfdbdheo","cbg","cbhsggobv","cbi","cbjlbwsif"]}
Query: cc -> {"version":"v1","count":10,"results":["cc","ccas","cch","ccjtlikh","ccl","cclaev","ccrfbmv","ccszca","cctgq","cctupbm"]}
Query: cd -> {"version":"v1","count":10,"results":["cd","cdb","cdbmvxein","cdcxen","cddseugs","cdfdsn","cdgguimryk","cdhxlb","cdis","cdk"]}
Query: ce -> {"version":"v1","count":10,"results":["ce","cebrvoasx","cedljnwv","cedy","cegevz","cegiodqhv","cekepur","cenfww","cesbzfcscp","cet"]}
Query: cf -> {"version":"v1","count":10,"results":["cf","cfdfxqbqk","cfdo","cfdti","cfehuezuej","cffmlfbrxx","cfibj","cfisdry","cfjswxy","cfoiukupx"]}
Query: cg -> {"version":"v1","count":10,"results":["cg","cgaiw","cgbx","cgdvphtzll","cgjmqp","cgjmsed","cgkacyoj","cgktayrtt","cgmglfqnh","cgnjignoi"]}
Query: ch -> {"version":"v1","count":10,"results":["ch","cha","chdftrgt","chdlhs","chdm","chfkh","chhjacm","chjssfhb","chjwkgx","chkegb"]}
Query: ci -> {"version":"v1","count":10,"results":["ci","ciav","ciawppb","cicfcx","cieorvwqor","cif","cijvvdc","cijz","cindhflnmd","ciohpyuno"]}
Query: cj -> {"version":"v1","count":10,"results":["cj","cjas","cjcgffic","cjgoloybha","cjhniai","cjoumdu","cjoyvyqmy","cjpxvd","cjtzdxiua","cjunh"]}
Query: ck -> {"version":"v1","count":10,"results":["ckalfra","ckaoabmdbh","ckdz","cketpz","ckfsn","ckgrjjg","ckgyqfvf","ckhic","ckkjuk","cklfecjmvs"]}
Query: cl -> {"version":"v1","count":10,"results":["cl","claltcn","cldhkyvb","clegwrn","clhuzxflu","cliaml","cllgc","clnotnicz","clrdlvst","clwijuhmpi"]}
Query: cm -> {"version":"v1","count":10,"results":["cm","cmc","cmdvbzpy","cmeqqxtylh","cmezumidi","cmfqzxk","cmfvwap","cmgahu","cmhu","cmlduiuxp"]}
Query: cn -> {"version":"v1","count":10,"results":["cn","cnc","cnfeptzj","cnh","cnhjxyzuu","cnmq","cnnbfyzv","cnnlbmmse","cnnxa","cnp"]}
Query: co -> {"version":"v1","count":10,"results":["co","cobmt","cofscmgzy","coiwfmrec","cojhnni","cokljacch","cokmgpjxlp","cokyxk","colfwqp","consgyygt"]}
Query: cp -> {"version":"v1","count":10,"results":["cp","cpalqzkup","cpb","cpbtkajsa","cpcb","cpdgdixq","cpdyudkqe","cpe","cpkkrt","cpljqh"]}
Query: cq -> {"version":"v1","count":10,"results":["cqcfv","cqdhwyu","cqf","cqmntjgcy","cqs","cqtm","cqtyb","cqvsgn","cqwtjieg","cqxlmchgl"]}
Query: cr -> {"version":"v1","count":10,"results":["cragubtkj","crajzgag","crbwfncx","crfqvfto","crho","crkp","crngwdyw","crpgr","crtmrjvvx","crtnip"]}
Query: cs -> {"version":"v1","count":10,"results":["cs","csaijb","csbj","csc","csebsd","cseogi","csg","cshkh","csjbd","csl"]}
Query: ct -> {"version":"v1","count":10,"results":["ct","ctafqyh","ctbn","ctd","ctepawprg","ctewdez","ctjq","ctk","ctl","ctldty"]}
Query: cu -> {"version":"v1","count":10,"results":["cu","cubkjtjfj","cudlyuodm","cudoprlup","cuebbmd","cug","cugvqn","cuh","cuidlz","cujggeggm"]}
Query: cv -> {"version":"v1","count":10,"results":["cvcvux","cvdxxwx","cvezorirv","cvfnbjo","cvhyefc","cvjgqfxl","cvjh","cvjml","cvkohclj","cvmynmw"]}
Query: cw -> {"version":"v1","count":10,"results":["cw","cwdrwrose","cwfhhj","cwfu","cwgb","cwklhoozp","cwknmd","cwkwf","cwlvrri","cwmfu"]}
Query: cx -> {"version":"v1","count":10,"results":["cx","cxatrh","cxcpc","cxesjyp","cxileodwu","cxkyvlpq","cxlq","cxpmwc","cxr","cxrty"]}
Query: cy -> {"version":"v1","count":10,"results":["cy","cyarxl","cyayz","cycgpyoajr","cycqmk","cydrfbkot","cyi","cyinem","cyjyfk","cykjjw"]}
Query: cz -> {"version":"v1","count":10,"results":["cz","czcleyk","czgww","cznaj","czo","czpujtt","czpxezsq","czqrehlhg","czrnqxmh","czu"]}
Query: d -> {"version":"v1","count":10,"results":["da","dacg","dadgdxdo","dagdzugwj","daghudao","daholkqtfu","dailgemhlo","daizy","dakctyb","dakkqrru"]}
Query: da -> {"version":"v1","count":10,"results":["da","dacg","dadgdxdo","dagdzugwj","daghudao","daholkqtfu","dailgemhlo","daizy","dakctyb","dakkqrru"]}
Query: db -> {"version":"v1","count":10,"results":["db","dbaehgo","dbbfzbaaks","dbbwjfp","dbeaaf","dbecde","dbimqkbto","dbkaroifxg","dblct","dbltturr"]}
Query: dc -> {"version":"v1","count":10,"results":["dcbanpynr","dcf","dci","dclwwrk","dcttjyxy","dctyjp","dcu","dcvekz","dcvjcr","dcvugb"]}
Query: dd -> {"version":"v1","count":10,"results":["dd","ddaewhsg","dddlh","dde","ddf","ddkxgki","ddl","ddmshaolk","ddpjof","ddquiofq"]}
Query: de -> {"version":"v1","count":10,"results":["de","decjivzqpj","dedhwo","deem","deeobkwdvn","deh","dehvsbbi","denadsxpy","deqrpq","derigdcp"]}
Query: df -> {"version":"v1","count":8,"results":["dfcds","dfhjz","dflpgghfs","dfrtcs","dfsn","dfuap","dfwjwtowc","dfycvl"]}
Query: dg -> {"version":"v1","count":10,"results":["dg","dgapujkb","dgdmlphczk","dgeqni","dgfjg","dggpvem","dgjikzvwa","dgjwh","dglzxsy","dgngwwayc"]}
Query: dh -> {"version":"v1","count":10,"results":["dh","dhamriviy","dhdsecm","dheulxri","dhhff","dhowxbwags","dhqj","dhr","dhvelni","dhvqgtdzv"]}
Query: di -> {"version":"v1","count":10,"results":["di","diaixizo","dibexrxxt","dicwhmewc","didcrnn","die","difxirp","digydwoqba","dihvmphnte","dilxjmz"]}
Query: dj -> {"version":"v1","count":8,"results":["dj","djb","djldzs","djwjcxrbm","djwrvipbmh","djxyfulliv","djykk","djyzjca"]}
Query: dk -> {"version":"v1","count":10,"results":["dk","dkaywej","dkdbbhglvb","dkdpw","dkergg","dkhn","dkpdllbuz","dkpugkmw","dkqv","dkry"]}
Query: dl -> {"version":"v1","count":10,"results":["dl","dlbglyu","dldzvcad","dletk","dlfinrofm","dlfwavdd","dlidq","dlikgfneo","dlk","dlkoh"]}
Query: dm -> {"version":"v1","count":10,"results":["dm","dmdnov","dmetnsjg","dmgbrl","dmhcjs","dmhq","dmhzbd","dmkhon","dmkjq","dmmzkwq"]}
Query: dn -> {"version":"v1","count":10,"results":["dn","dnbdjbfmr","dndjmdynph","dnemr","dnhwfguh","dni","dniq","dnjfy","dnjj","dnjjcwzbu"]}
Query: do -> {"version":"v1","count":10,"results":["do","doaenlp","doc","dodhmuvzz","dofh","dohdmymuq","doi","doiuol","dojkl","dokj"]}
