Query: a -> {"version":"v1","count":10,"results":["aa","aabdknlvkc","aabrkcd","aadgdqrwdy","aagqg","aaiha","aainmxg","aajfebume","aajwv","aakfubvxv"]}
Query: aa -> {"version":"v1","count":10,"results":["aa","aabdknlvkc","aabrkcd","aadgdqrwdy","aagqg","aaiha","aainmxg","aajfebume","aajwv","aakfubvxv"]}
Query: ab -> {"version":"v1","count":10,"results":["ab","abagnc","abclmm","abgtppipcr","abl","abniagyl","abniep","abogjttu","abpwkj","abqsqh"]}
Query: ac -> {"version":"v1","count":10,"results":["ac","aca","acarnquq","acdr","acftjn","acgcolhnxx","achfscjhd","acjbgyunqg","acrlbuxxk","acshgcoc"]}
Query: ad -> {"version":"v1","count":10,"results":["ad","adadfnkvg","adajd","adbfgilhb","adcusevuug","addxqsfa","aderbx","adfepfaayh","adffclit","adgd"]}
Query: ae -> {"version":"v1","count":10,"results":["aeagfsosad","aebeserne","aed","aenujj","aeq","aeqoycysm","aesedfmqt","aeswxuiu","aeuknwm","aevtggavo"]}
Query: af -> {"version":"v1","count":10,"results":["af","afb","afcgjtfpc","afgrymxvzq","afhflkrhs","afjyyokuva","afkfz","afl","afmimzxb","afnz"]}
Query: ag -> {"version":"v1","count":10,"results":["aga","agbrqd","agdtrtmmzz","ageijaarwd","agepq","agex","agexa","aggci","aggdlv","agglx"]}
Query: ah -> {"version":"v1","count":10,"results":["ah","ahdajihh","ahgyw","ahlgaubyyq","ahm","ahnspl","ahpnohl","ahsvol","ahtqwdo","ahuj"]}
Query: ai -> {"version":"v1","count":10,"results":["ai","aiaiew","aidnmqqgu","aifboa","aifvrnov","aihy","aiij","aiis","ailzvvz","aimakompyx"]}
Query: aj -> {"version":"v1","count":10,"results":["aj","ajacbc","ajarpesg","ajdo","aji","ajiiutkjp","ajj","ajkrxyypv","ajn","ajosjccs"]}
Query: ak -> {"version":"v1","count":10,"results":["ak","akahcnvbc","akaxxprk","akbsxbfvp","akcho","akcyedbd","akdpsv","akf","akfamyndz","akgbz"]}
Query: al -> {"version":"v1","count":10,"results":["al","alcqtnx","alh","alivj","almx","alqmhaara","alr","alrw","aluxsn","alwg"]}
Query: am -> {"version":"v1","count":10,"results":["am","amadkhmu","ambiyg","amdgka","amdxodunev","amewgmpz","amhmxpp","amhqedxgc","ami","amjl"]}
Query: an -> {"version":"v1","count":10,"results":["an","ana","anckeida","andc","ane","anggwhwp","anhksmkhy","anhm","anisyvvnaj","annunpvg"]}
Query: ao -> {"version":"v1","count":10,"results":["ao","aocpuppvok","aoenj","aogexsdja","aoibc","aojrmqow","aokduqmex","aokl","aonaa","aopb"]}
Query: ap -> {"version":"v1","count":10,"results":["ap","apbztxcisq","apckzhlkg","apfux","apib","apieeolcu","apilatzeej","apmlndmaqc","apnhpzbagc","apoda"]}
Query: aq -> {"version":"v1","count":10,"results":["aq","aqb","aqdnajkz","aqeyoanzy","aqgwpkgj","aqjtintj","aqkvjm","aqnxvqbg","aqofecta","aqpc"]}
Query: ar -> {"version":"v1","count":10,"results":["ar","arcvbrxsm","areeo","arfrjkpxe","arjfxdvfxv","arl","armkz","armo","arnslguy","arowugdgwj"]}
Query: as -> {"version":"v1","count":10,"results":["as","asapelq","ascallr","aschojwlo","asd","aseipxum","asgxwvztbk","ash","asjwmyxt","askhzsr"]}
Query: at -> {"version":"v1","count":10,"results":["at","ata","atc","atfosxb","atjj","atnm","atobymajze","atpxv","att","atvmucbapc"]}
Query: au -> {"version":"v1","count":10,"results":["au","auahysb","aubnkpl","aucl","aueflnhda","auh","aujz","aul","aulriz","aursilg"]}
Query: av -> {"version":"v1","count":10,"results":["avb","avbfo","avccv","avcqg","avehnalwz","avfbdoak","avfjpey","avhbtpmr","avhmuh","avhojqxi"]}
Query: aw -> {"version":"v1","count":10,"results":["awaq","awbfe","aweegs","awjfvzh","awkd","awo","awqt","awrywkledl","awuzipliom","awvjicgrs"]}
Query: ax -> {"version":"v1","count":10,"results":["ax","axcmwtf","axfoxcgevy","axjown","axkl","axn","axrbkte","axrreouc","axtgq","axvjy"]}
Query: ay -> {"version":"v1","count":10,"results":["ay","ayabgjow","aybdox","aybpyqof","ayezn","aymcaccewl","ayona","ayos","ayqdcr","ayrgc"]}
Query: az -> {"version":"v1","count":10,"results":["az","azax","azbqyol","azdyhbtih","azef","azg","azhbuho","azhicxdj","azhv","azmmueb"]}
Query: b -> {"version":"v1","count":10,"results":["ba","baasruv","babfu","baezgu","bail","bajm","bamgoreltq","bao","bapah","baqpkfjn"]}
Query: ba -> {"version":"v1","count":10,"results":["ba","baasruv","babfu","baezgu","bail","bajm","bamgoreltq","bao","bapah","baqpkfjn"]}
Query: bb -> {"version":"v1","count":10,"results":["bb","bba","bbalebaapj","bbbirowzqd","bbcrb","bbdg","bbembdz","bbjucx","bbnhg","bbpjopla"]}
Query: bc -> {"version":"v1","count":10,"results":["bc","bcaivlafw","bcbaxyj","bcc","bccgl","bcece","bcgft","bcjw","bckzwyp","bcnmmbk"]}
Query: bd -> {"version":"v1","count":10,"results":["bd","bdb","bdcke","bddr","bdewviey","bdeyy","bdhi","bdhyvyb","bdl","bdmywz"]}
Query: be -> {"version":"v1","count":10,"results":["be","beawncle","bebaft","becptzxsq","begehrrcn","begg","behzhyotdm","bekb","bepuxib","bepv"]}
Query: bf -> {"version":"v1","count":10,"results":["bf","bfceeakt","bfeiuu","bffnjoff","bfhhgoxcxx","bfhhqwj","bfje","bfjqsc","bfmbchi","bftwly"]}
Query: bg -> {"version":"v1","count":10,"results":["bg","bgbljlno","bgcggwid","bgedjtfj","bgfzvg","bgguubh","bggxouk","bgj","bgjh","bgkyjxphkh"]}
Query: bh -> {"version":"v1","count":10,"results":["bh","bha","bhgawltmj","bhgdyauic","bhgtwgyw","bhgvrgj","bhj","bhjkhdpy","bhjlaixl","bhkabpnbe"]}
Query: bi -> {"version":"v1","count":10,"results":["biapvbecy","bidw","biftvxxccu","bifw","bihcmm","biiiayj","bikx","bim","bimi","bit"]}
Query: bj -> {"version":"v1","count":10,"results":["bj","bjbwz","bjerdvpgru","bjgu","bjgwmalf","bjgyorh","bjhzf","bjjnwpb","bjmec","bjmfnpklqv"]}
Query: bk -> {"version":"v1","count":10,"results":["bk","bkb","bkbqsoobd","bkhny","bkjkl","bknmci","bkqhnflkhj","bkrirwep","bkssulq","bkzcxqhbje"]}
Query: bl -> {"version":"v1","count":10,"results":["bl","blewkakc","blfdylq","blhlsjnqw","bljxtzh","blk","blonuyq","blpyzzlu","blqnlsbb","blr"]}
Query: bm -> {"version":"v1","count":10,"results":["bm","bmdzsja","bme","bmfwwrj","bmiychjwzm","bmiypnxcev","bmj","bmkkiul","bmlxjaqt","bmqnrkvjy"]}
Query: bn -> {"version":"v1","count":10,"results":["bn","bndncctti","bndrtmjeks","bnemdsib","bnemu","bnfz","bng","bngfykjpfu","bniv","bnmge"]}
Query: bo -> {"version":"v1","count":10,"results":["bo","boay","bob","bobiksm","bobtupd","bocv","bogdpopm","bolu","bopi","boquuoqfd"]}
Query: bp -> {"version":"v1","count":9,"results":["bp","bpahdxjv","bpbucru","bpinljyn","bpnrznkj","bps","bptrocgwdb","bpupkbki","bpvsir"]}
Query: bq -> {"version":"v1","count":10,"results":["bq","bqbigjrlp","bqbxgwjrws","bqegb","bqflwsxq","bqggeblpsb","bqhrp","bqjda","bqjzetrigh","bqkxjrwen"]}
Query: br -> {"version":"v1","count":10,"results":["br","brcnaenyi","brcsrptf","brgpe","brhadg","brhji","brhrpwy","brityeu","brja","brk"]}
Query: bs -> {"version":"v1","count":10,"results":["bs","bsatrrt","bsejc","bsgwu","bsipnipkye","bsirzvzksg","bsixql","bsj","bsmhrt","bsnzhdkzn"]}
Query: bt -> {"version":"v1","count":10,"results":["bt","btcgskbx","btdps","btejhtrde","btfybfowt","btjducjl","btkapxy","btqjsns","btsjv","btsznvjdke"]}
Query: bu -> {"version":"v1","count":10,"results":["bu","budc","buekpoxudy","bufzct","bugei","buiqdvzwe","bulrxhgv","bum","bump","buqxkb"]}
Query: bv -> {"version":"v1","count":10,"results":["bv","bvatn","bvaucmslwy","bvezn","bvfmjh","bvgmixtw","bvhc","bvl","bvmht","bvoers"]}
Query: bw -> {"version":"v1","count":10,"results":["bw","bweaelv","bwee","bwemco","bwhtpx","bwk","bwkapjzp","bwnlruedn","bwnskna","bwohcfa"]}
Query: bx -> {"version":"v1","count":10,"results":["bx","bxatlgvlf","bxayln","bxbames","bxfbbcfbs","bxflf","bxijoan","bxjmg","bxoetl","bxok"]}
Query: by -> {"version":"v1","count":10,"results":["by","bydvh","bygzkibgc","byhdsopwp","byi","byirrlfa","byn","byokvez","bypefvtq","byquwjmaza"]}
Query: bz -> {"version":"v1","count":10,"results":["bz","bzg","bzifeio","bzkmt","bznsfwcfl","bzowat","bzra","bzvb","bzvq","bzwhgtz"]}
Query: c -> {"version":"v1","count":10,"results":["cabjbqc","cad","caera","cagziczkw","cahxy","cai","caimjs","cajownyj","calarjkyph","camm"]}
Query: ca -> {"version":"v1","count":10,"results":["cabjbqc","cad","caera","cagziczkw","cahxy","cai","caimjs","cajownyj","calarjkyph","camm"]}
Query: cb -> {"version":"v1","count":10,"results":["cb","cbalurcniz","cbdehcvp","cbe","cbenjzlirq","cbfdbdheo","cbg","cbhsggobv","cbi","cbjlbwsif"]}
Query: cc -> {"version":"v1","count":10,"results":["cc","ccas","cch","ccjtlikh","ccl","cclaev","ccrfbmv","ccszca","cctgq","cctupbm"]}
Query: cd -> {"version":"v1","count":10,"results":["cd","cdb","cdbmvxein","cdcxen","cddseugs","cdfdsn","cdgguimryk","cdhxlb","cdis","cdk"]}
Query: ce -> {"version":"v1","count":10,"results":["ce","cebrvoasx","cedljnwv","cedy","cegevz","cegiodqhv","cekepur","cenfww","cesbzfcscp","cet"]}
Query: cf -> {"version":"v1","count":10,"results":["cf","cfdfxqbqk","cfdo","cfdti","cfehuezuej","cffmlfbrxx","cfibj","cfisdry","cfjswxy","cfoiukupx"]}
Query: cg -> {"version":"v1","count":10,"results":["cg","cgaiw","cgbx","cgdvphtzll","cgjmqp","cgjmsed","cgkacyoj","cgktayrtt","cgmglfqnh","cgnjignoi"]}
Query: ch -> {"version":"v1","count":10,"results":["ch","cha","chdftrgt","chdlhs","chdm","chfkh","chhjacm","chjssfhb","chjwkgx","chkegb"]}
Query: ci -> {"version":"v1","count":10,"results":["ci","ciav","ciawppb","cicfcx","cieorvwqor","cif","cijvvdc","cijz","cindhflnmd","ciohpyuno"]}
Query: cj -> {"version":"v1","count":10,"results":["cj","cjas","cjcgffic","cjgoloybha","cjhniai","cjoumdu","cjoyvyqmy","cjpxvd","cjtzdxiua","cjunh"]}
Query: ck -> {"version":"v1","count":10,"results":["ckalfra","ckaoabmdbh","ckdz","cketpz","ckfsn","ckgrjjg","ckgyqfvf","ckhic","ckkjuk","cklfecjmvs"]}
Query: cl -> {"version":"v1","count":10,"results":["cl","claltcn","cldhkyvb","clegwrn","clhuzxflu","cliaml","cllgc","clnotnicz","clrdlvst","clwijuhmpi"]}
Query: cm -> {"version":"v1","count":10,"results":["cm","cmc","cmdvbzpy","cmeqqxtylh","cmezumidi","cmfqzxk","cmfvwap","cmgahu","cmhu","cmlduiuxp"]}
Query: cn -> {"version":"v1","count":10,"results":["cn","cnc","cnfeptzj","cnh","cnhjxyzuu","cnmq","cnnbfyzv","cnnlbmmse","cnnxa","cnp"]}
Query: co -> {"version":"v1","count":10,"results":["co","cobmt","cofscmgzy","coiwfmrec","cojhnni","cokljacch","cokmgpjxlp","cokyxk","colfwqp","consgyygt"]}
Query: cp -> {"version":"v1","count":10,"results":["cp","cpalqzkup","cpb","cpbtkajsa","cpcb","cpdgdixq","cpdyudkqe","cpe","cpkkrt","cpljqh"]}
Query: cq -> {"version":"v1","count":10,"results":["cqcfv","cqdhwyu","cqf","cqmntjgcy","cqs","cqtm","cqtyb","cqvsgn","cqwtjieg","cqxlmchgl"]}
Query: cr -> {"version":"v1","count":10,"results":["cragubtkj","crajzgag","crbwfncx","crfqvfto","crho","crkp","crngwdyw","crpgr","crtmrjvvx","crtnip"]}
Query: cs -> {"version":"v1","count":10,"results":["cs","csaijb","csbj","csc","csebsd","cseogi","csg","cshkh","csjbd","csl"]}
Query: ct -> {"version":"v1","count":10,"results":["ct","ctafqyh","ctbn","ctd","ctepawprg","ctewdez","ctjq","ctk","ctl","ctldty"]}
Query: cu -> {"version":"v1","count":10,"results":["cu","cubkjtjfj","cudlyuodm","cudoprlup","cuebbmd","cug","cugvqn","cuh","cuidlz","cujggeggm"]}
Query: cv -> {"version":"v1","count":10,"results":["cvcvux","cvdxxwx","cvezorirv","cvfnbjo","cvhyefc","cvjgqfxl","cvjh","cvjml","cvkohclj","cvmynmw"]}
Query: cw -> {"version":"v1","count":10,"results":["cw","cwdrwrose","cwfhhj","cwfu","cwgb","cwklhoozp","cwknmd","cwkwf","cwlvrri","cwmfu"]}
Query: cx -> {"version":"v1","count":10,"results":["cx","cxatrh","cxcpc","cxesjyp","cxileodwu","cxkyvlpq","cxlq","cxpmwc","cxr","cxrty"]}
Query: cy -> {"version":"v1","count":10,"results":["cy","cyarxl","cyayz","cycgpyoajr","cycqmk","cydrfbkot","cyi","cyinem","cyjyfk","cykjjw"]}
Query: cz -> {"version":"v1","count":10,"results":["cz","czcleyk","czgww","cznaj","czo","czpujtt","czpxezsq","czqrehlhg","czrnqxmh","czu"]}
Query: d -> {"version":"v1","count":10,"results":["da","dacg","dadgdxdo","dagdzugwj","daghudao","daholkqtfu","dailgemhlo","daizy","dakctyb","dakkqrru"]}
Query: da -> {"version":"v1","count":10,"results":["da","dacg","dadgdxdo","dagdzugwj","daghudao","daholkqtfu","dailgemhlo","daizy","dakctyb","dakkqrru"]}
Query: db -> {"version":"v1","count":10,"results":["db","dbaehgo","dbbfzbaaks","dbbwjfp","dbeaaf","dbecde","dbimqkbto","dbkaroifxg","dblct","dbltturr"]}
Query: dc -> {"version":"v1","count":10,"results":["dcbanpynr","dcf","dci","dclwwrk","dcttjyxy","dctyjp","dcu","dcvekz","dcvjcr","dcvugb"]}
Query: dd -> {"version":"v1","count":10,"results":["dd","ddaewhsg","dddlh","dde","ddf","ddkxgki","ddl","ddmshaolk","ddpjof","ddquiofq"]}
Query: de -> {"version":"v1","count":10,"results":["de","decjivzqpj","dedhwo","deem","deeobkwdvn","deh","dehvsbbi","denadsxpy","deqrpq","derigdcp"]}
Query: df -> {"version":"v1","count":8,"results":["dfcds","dfhjz","dflpgghfs","dfrtcs","dfsn","dfuap","dfwjwtowc","dfycvl"]}
Query: dg -> {"version":"v1","count":10,"results":["dg","dgapujkb","dgdmlphczk","dgeqni","dgfjg","dggpvem","dgjikzvwa","dgjwh","dglzxsy","dgngwwayc"]}
Query: dh -> {"version":"v1","count":10,"results":["dh","dhamriviy","dhdsecm","dheulxri","dhhff","dhowxbwags","dhqj","dhr","dhvelni","dhvqgtdzv"]}
Query: di -> {"version":"v1","count":10,"results":["di","diaixizo","dibexrxxt","dicwhmewc","didcrnn","die","difxirp","digydwoqba","dihvmphnte","dilxjmz"]}
Query: dj -> {"version":"v1","count":8,"results":["dj","djb","djldzs","djwjcxrbm","djwrvipbmh","djxyfulliv","djykk","djyzjca"]}
Query: dk -> {"version":"v1","count":10,"results":["dk","dkaywej","dkdbbhglvb","dkdpw","dkergg","dkhn","dkpdllbuz","dkpugkmw","dkqv","dkry"]}
Query: dl -> {"version":"v1","count":10,"results":["dl","dlbglyu","dldzvcad","dletk","dlfinrofm","dlfwavdd","dlidq","dlikgfneo","dlk","dlkoh"]}
Query: dm -> {"version":"v1","count":10,"results":["dm","dmdnov","dmetnsjg","dmgbrl","dmhcjs","dmhq","dmhzbd","dmkhon","dmkjq","dmmzkwq"]}
Query: dn -> {"version":"v1","count":10,"results":["dn","dnbdjbfmr","dndjmdynph","dnemr","dnhwfguh","dni","dniq","dnjfy","dnjj","dnjjcwzbu"]}
Query: do -> {"version":"v1","count":10,"results":["do","doaenlp","doc","dodhmuvzz","dofh","dohdmymuq","doi","doiuol","dojkl","dokj"]}
Query: dp -> {"version":"v1","count":10,"results":["dpcnzmv","dpi","dpnjp","dpnuezq","dpobnjeaj","dpoqrq","dppoyrun","dpqhoz","dpt","dpvb"]}
Query: dq -> {"version":"v1","count":10,"results":["dq","dqae","dqcj","dqehtopdhq","dqenoji","dqfq","dqgf","dqgiwi","dqheo","dqjhxb"]}
Query: dr -> {"version":"v1","count":10,"results":["dr","drbtaqioo","drci","drcsnz","drfwot","drhgn","drhxkn","drinsxdhu","drjkmbuzaf","drlyxitp"]}
Query: ds -> {"version":"v1","count":10,"results":["ds","dsab","dsbsdpe","dscfi","dscqnkek","dscr","dseyvdtxtf","dsgbx","dsjjcv","dsjl"]}
Query: dt -> {"version":"v1","count":10,"results":["dt","dtashtnkw","dtcskro","dtdfes","dteihncg","dtfponock","dtfttqrr","dthupusg","dtidixzxe","dtiotf"]}
Query: du -> {"version":"v1","count":10,"results":["du","dub","dufzd","duhleqrqa","dukntlvfxv","dukrwbtmco","dulffrfpdf","dumdi","duoyp","duqcs"]}
Query: dv -> {"version":"v1","count":10,"results":["dv","dvbbsw","dvbhqymcb","dvckc","dve","dvfdh","dvgn","dvivqnwj","dvj","dvjn"]}
Query: dw -> {"version":"v1","count":10,"results":["dwamoi","dwdoqqppm","dwfdrghckk","dwhys","dwiubewmmg","dwjiqtf","dwklxi","dwkmqffaa","dwmvmy","dwnalp"]}
Query: dx -> {"version":"v1","count":10,"results":["dx","dxf","dxg","dxhf","dxhwl","dxjewhigj","dxjvoswoxp","dxkzvkqhj","dxmcx","dxnkzcxun"]}
Query: dy -> {"version":"v1","count":9,"results":["dye","dyfrrkslu","dygbeejnh","dygoi","dyhjfgda","dyk","dysyzt","dywxdl","dyzdxpnphb"]}
Query: dz -> {"version":"v1","count":10,"results":["dz","dzavhhlaob","dzcvay","dzdjdv","dzdkypb","dze","dzet","dzjizqghvd","dzjqcjv","dzjw"]}
Query: e -> {"version":"v1","count":10,"results":["ea","eaaz","eadtvc","eaevotq","eafnkl","eaimi","eaioawhqh","eajc","eajnuu","eaohckyztc"]}
Query: ea -> {"version":"v1","count":10,"results":["ea","eaaz","eadtvc","eaevotq","eafnkl","eaimi","eaioawhqh","eajc","eajnuu","eaohckyztc"]}
Query: eb -> {"version":"v1","count":10,"results":["eb","ebaohs","ebbgeqm","ebcochhgkj","ebe","ebgubuqa","ebhqloh","ebhyyy","ebillkto","ebkhuf"]}
Query: ec -> {"version":"v1","count":10,"results":["ec","ecb","ecbzqzfm","ecdvvp","echt","eci","ecjkq","ecldit","ecqgqjrerm","ecqw"]}
Query: ed -> {"version":"v1","count":10,"results":["edaduuzsx","edaixusca","edasliqo","edbp","edbzovd","eddziv","edeecqxa","edfdn","edgcsbum","edgofdh"]}
Query: ee -> {"version":"v1","count":10,"results":["ee","eecdfn","eedpn","eedye","eee","eeehmqgcb","eegc","eegnpahte","eeiuxfupb","eejmn"]}
Query: ef -> {"version":"v1","count":10,"results":["ef","efcjjcsler","efe","efhbtjkuh","efiabl","efiacn","efiaf","efiafja","efiai","efiaida"]}
Query: eg -> {"version":"v1","count":10,"results":["eg","egaeydgqzs","egborubar","egcl","egd","egfevoa","eghkkmo","egiegtkelw","egjgxceiub","egllmvqpbp"]}
Query: eh -> {"version":"v1","count":10,"results":["eh","ehaiuf","ehda","ehdnwlfwck","ehfemtlh","ehfhzx","ehg","ehicwsqdnz","ehjjxmxkvn","ehkkb"]}
Query: ei -> {"version":"v1","count":10,"results":["ei","eibihxew","eicjckvrg","eihv","eiigugkat","eikiszlgqf","eioe","eiowd","eipycufzo","eiqimvd"]}
Query: ej -> {"version":"v1","count":10,"results":["ej","ejbdcvq","ejchmahmwi","ejds","ejeo","ejgpkmesy","ejl","ejpavkoa","ejpvnxpr","ejsgnf"]}
Query: ek -> {"version":"v1","count":10,"results":["ek","ekcxwr","ekg","ekgorc","ekguihlvgn","ekgxf","ekhehiasge","eknike","ekpnvmsv","ekr"]}
Query: el -> {"version":"v1","count":10,"results":["el","elagplcgob","elczloq","eldlpz","eldn","eleeo","elef","elfvukqecu","elgsgjhmh","eljkpt"]}
Query: em -> {"version":"v1","count":10,"results":["em","emasc","emdrxmqi","emfg","emfmcnycp","emgdnmy","emgmzbn","emgui","emgz","emijvj"]}
Query: en -> {"version":"v1","count":10,"results":["en","enc","encgfc","enemooywhs","enhegudy","enid","enjrjb","enjrtlt","enmlmls","enmobdfhc"]}
Query: eo -> {"version":"v1","count":10,"results":["eo","eob","eocccfpvle","eodjgljejr","eofhyh","eog","eohzcwan","eolffrnf","eoml","eonksekpe"]}
Query: ep -> {"version":"v1","count":10,"results":["ep","epa","epcgmutvmh","epe","eperxxdqi","epftsvio","epg","epjr","epkma","epmnblfn"]}
Query: eq -> {"version":"v1","count":10,"results":["eq","eqafawv","eqau","eqbagw","eqbai","eqbamk","eqbavwar","eqbawtre","eqbayaf","eqbbabg"]}
Query: er -> {"version":"v1","count":10,"results":["er","erftaih","erhe","erjbingo","erjsvlk","ermsvhkbhr","eroxdcevww","erskurbg","eruk","ervbwwle"]}
Query: es -> {"version":"v1","count":10,"results":["esbsxzpwy","esf","esfascnqxy","esflvdqf","esgvddxms","eshqkhbg","esjngbbko","eskl","esp","espsvzcoy"]}
Query: et -> {"version":"v1","count":10,"results":["etbshwug","etejue","etgq","etgtq","etiyyva","etkbg","etm","etmfl","etmtj","etmxgimzkg"]}
Query: eu -> {"version":"v1","count":10,"results":["eu","eubhdbinav","euc","eugarccg","eujwuihsej","eun","eurvfk","euuhxkcjhm","euvdr","euwpofqmhz"]}
Query: ev -> {"version":"v1","count":9,"results":["ev","evlkpb","evnfl","evnx","evoovvm","evqqk","evqxpjizo","evy","evzax"]}
Query: ew -> {"version":"v1","count":10,"results":["ewajmtg","ewdlqsl","ewgcfwzz","ewlgvsodw","ewlis","ewnqlc","ewogxpt","ewoqxjqdu","ewpwzrkz","ewrw"]}
Query: ex -> {"version":"v1","count":10,"results":["exa","exayolj","excip","exemqbtjpb","exft","exgkuzze","exh","exi","exigv","exisriueez"]}
Query: ey -> {"version":"v1","count":10,"results":["ey","eyaemhnkf","eycx","eyd","eyfskdkd","eygtoes","eyiotrmtpb","eykakmbd","eyl","eymhdy"]}
Query: ez -> {"version":"v1","count":10,"results":["ez","ezbikayzde","ezbvbyyc","ezcbzmceby","ezgzcdu","ezhzduxv","ezlh","ezmhivcmpw","ezopyvw","ezp"]}
Query: f -> {"version":"v1","count":10,"results":["fa","faaukfpeq","fabnwfy","facwkg","fad","fadtuxjhql","faezolo","fairdma","faldhkie","fantnsgaoa"]}
Query: fa -> {"version":"v1","count":10,"results":["fa","faaukfpeq","fabnwfy","facwkg","fad","fadtuxjhql","faezolo","fairdma","faldhkie","fantnsgaoa"]}
Query: fb -> {"version":"v1","count":10,"results":["fb","fbalbdkp","fbb","fbcbhhry","fbczxi","fbho","fbispsa","fbkrcua","fbljcjze","fbm"]}
Query: fc -> {"version":"v1","count":10,"results":["fcafa","fcewsvi","fcfclkhe","fchvw","fciq","fckreck","fcn","fcsdutqfo","fctblhktx","fcto"]}
Query: fd -> {"version":"v1","count":10,"results":["fd","fdbbvvy","fdblcn","fddincsrzi","fdewqnczwq","fdgnaxt","fdgp","fdiiulzq","fdiqb","fdjqusj"]}
Query: fe -> {"version":"v1","count":10,"results":["feawkj","fecajbzi","fecyvide","fee","fefkfes","fehpvtkh","fei","fejzeh","fekxzubzb","felprrez"]}
Query: ff -> {"version":"v1","count":10,"results":["ff","ffajjinqy","ffauhnxjxj","ffekl","ffeuicrghc","ffinyfolbn","ffl","fflfb","ffmnxfam","ffp"]}
Query: fg -> {"version":"v1","count":10,"results":["fg","fgalm","fgbmhbcezq","fgbukkd","fgc","fgcff","fgcsohs","fgfaimq","fggenw","fghvpqqxqh"]}
Query: fh -> {"version":"v1","count":10,"results":["fh","fhddo","fhdtpxv","fhdvdnb","fhgaaazd","fhgxoyqu","fhk","fhkps","fhkvstcso","fhlho"]}
Query: fi -> {"version":"v1","count":10,"results":["fi","fia","fibvxqkr","fibx","fic","fihpjhly","fiibkdsbfx","fijan","fikhcudj","filoemfy"]}
Query: fj -> {"version":"v1","count":10,"results":["fj","fjbkrx","fjcqjgp","fjenvvwfan","fjfkbu","fjh","fjilcwaiu","fjl","fjqltvyxus","fjrohlwon"]}
Query: fk -> {"version":"v1","count":10,"results":["fk","fkbhacxz","fkboslk","fkdavdyb","fkf","fkfzgdaz","fkgeum","fkiqgcl","fklephmvzk","fkmoqba"]}
Query: fl -> {"version":"v1","count":10,"results":["fl","flajdaqxue","flako","fldw","flecaznr","fleqyz","flf","flh","fliuyinph","flkm"]}
Query: fm -> {"version":"v1","count":10,"results":["fm","fmbnly","fmci","fmdo","fmguuxfem","fmijrjv","fmkypjged","fmopinkq","fmqllzrj","fmrclbc"]}
Query: fn -> {"version":"v1","count":10,"results":["fn","fnfto","fngsvhhxd","fnkfiwcey","fnnn","fnozjfxkzn","fnsab","fnspvvs","fnsyxrm","fnumbt"]}
Query: fo -> {"version":"v1","count":10,"results":["fo","fobxiw","fohcbczypa","fohhuqxsd","foigjx","foijocomv","fojhk","fomfb","fopzrmmiiz","fowwggcmgf"]}
Query: fp -> {"version":"v1","count":10,"results":["fp","fpade","fpal","fpb","fpcfawmbeg","fpckzkqyma","fpdefb","fpewgpe","fph","fpjyhqolkf"]}
Query: fq -> {"version":"v1","count":10,"results":["fqa","fqbeazq","fqbluwjzxa","fqgfylk","fqggashaeu","fqgjpxhxn","fqiqihzi","fqklhi","fqkre","fqlatl"]}
Query: fr -> {"version":"v1","count":10,"results":["fr","frchit","frdtawf","frfpg","friicgx","fritqjsz","frlvfkt","frndume","frovihrl","frqe"]}
Query: fs -> {"version":"v1","count":10,"results":["fs","fsdyiymnl","fse","fsefxcyais","fshxy","fsjvvugswf","fslbazpd","fslf","fslthv","fsmapdsu"]}
Query: ft -> {"version":"v1","count":10,"results":["ft","ftav","ftbgq","ftccbtsdxq","ftdbbq","ftfwhdou","ftgn","ftiwhwpb","ftlwl","ftoad"]}
Query: fu -> {"version":"v1","count":10,"results":["fu","fufuxxorxq","fuhcnwn","fuhp","fuiqqiwpb","fukqeidf","fumkc","funxpzid","fupbgx","fupnopmpk"]}
Query: fv -> {"version":"v1","count":10,"results":["fv","fvbztzb","fvchuxewd","fvdltnbo","fvekxwyex","fvettswjr","fvfv","fvhxrd","fvj","fvljt"]}
Query: fw -> {"version":"v1","count":10,"results":["fw","fwaxeuwjy","fwcfihf","fwfmq","fwlihdypor","fwlmhnzz","fwlrvenyk","fwvc","fwyzvvbq","fwzjdyy"]}
Query: fx -> {"version":"v1","count":10,"results":["fxbfpm","fxbtb","fxd","fxgnywdp","fxicyfe","fxikhmdyj","fxjbijjpf","fxjuyntq","fxrbx","fxs"]}
Query: fy -> {"version":"v1","count":10,"results":["fy","fybo","fybvankvya","fycilc","fykqj","fylg","fyp","fyw","fyx","fyyepmqoa"]}
Query: fz -> {"version":"v1","count":10,"results":["fz","fzafrysjl","fzarsgfzr","fzcpfpy","fzfs","fzgd","fzhaysodjl","fzlnb","fznxklgpbl","fzombweyl"]}
Query: g -> {"version":"v1","count":10,"results":["ga","gaa","gae","gaevihs","gag","gagt","gahl","gajhar","gak","galbuo"]}
Query: ga -> {"version":"v1","count":10,"results":["ga","gaa","gae","gaevihs","gag","gagt","gahl","gajhar","gak","galbuo"]}
Query: gb -> {"version":"v1","count":10,"results":["gb","gbanri","gbatgwnfs","gbc","gbg","gbgplztmsc","gbhkz","gbhp","gbia","gbidjwm"]}
Query: gc -> {"version":"v1","count":10,"results":["gc","gcbas","gccbm","gccvtixm","gcdfu","gceay","gcexefty","gcfndovcr","gchx","gcneofj"]}
Query: gd -> {"version":"v1","count":10,"results":["gd","gdb","gdbun","gdcnz","gdibydbz","gdij","gdlfj","gdmprwlzb","gdntgc","gdpyoxme"]}
Query: ge -> {"version":"v1","count":10,"results":["ge","geazd","gecacpvdc","gefspspcy","gei","gejav","gejcng","gekmvxawvw","gekxnnopj","gekzgeku"]}
Query: gf -> {"version":"v1","count":10,"results":["gfae","gfaelk","gfag","gfajjb","gfakg","gfakpau","gfalokn","gfamkl","gfaniyv","gfaowil"]}
Query: gg -> {"version":"v1","count":10,"results":["gg","ggarvoeuhv","ggbb","ggcfyoyhs","ggcoaann","ggcoab","ggcoach","ggcoacqkb","ggcoaej","ggcoan"]}
Query: gh -> {"version":"v1","count":10,"results":["ghb","ghebm","ghehtgaxt","ghgj","ghgwly","ghh","ghimgmdg","ghjnhrbs","ghkchymy","ghmtqlxhjj"]}
Query: gi -> {"version":"v1","count":10,"results":["gi","giauceo","giavowr","gifzwjct","gigh","gihmiixac","gij","gipxwbkdy","giqj","giraeamojk"]}
Query: gj -> {"version":"v1","count":10,"results":["gj","gjcwukkohq","gjdzrm","gje","gjfnn","gjfzhxls","gjhpdc","gjid","gjisjiryx","gjlbrkq"]}
Query: gk -> {"version":"v1","count":10,"results":["gk","gkbqn","gkddn","gkfkpkry","gkftmpvsg","gkm","gkmn","gknhbdvegs","gkrrs","gkseael"]}
Query: gl -> {"version":"v1","count":10,"results":["gl","glabture","glajdtit","glbix","glddijz","glf","glgfebi","glils","gllbierymb","glmaz"]}
Query: gm -> {"version":"v1","count":10,"results":["gm","gmi","gmkzhvm","gmmhebvlv","gmmivjjgmy","gmmxhxbuw","gmw","gmxnw","gmxonsi","gmzglcsrs"]}
Query: gn -> {"version":"v1","count":10,"results":["gn","gnc","gnflhnb","gnfpevnh","gngyamyz","gnjp","gnoyaaqj","gnqgvxjpbh","gnqyjs","gns"]}
Query: go -> {"version":"v1","count":10,"results":["go","gob","gobojogqn","goc","godgfql","goe","goeb","goen","gogystu","gok"]}
Query: gp -> {"version":"v1","count":8,"results":["gp","gpbye","gpgu","gpkb","gpkmhcdmq","gprcvzdl","gpu","gpzvek"]}
Query: gq -> {"version":"v1","count":10,"results":["gq","gqcdesvxq","gqcfktf","gqeoccjfwd","gqhuq","gqjbtn","gqlf","gqmkbdzx","gqpslquy","gqswnxg"]}
Query: gr -> {"version":"v1","count":10,"results":["grbohinq","gredzaebk","grehfqhhx","grfvfsslgi","grgzgmms","griwagpbe","grlvmtoico","grn","grppvibu","grqzgih"]}
Query: gs -> {"version":"v1","count":10,"results":["gs","gsageyv","gsbqmdotkz","gsbuvtv","gsdal","gshsy","gsj","gsjbjoxsdv","gsrq","gsucynu"]}
Query: gt -> {"version":"v1","count":10,"results":["gt","gtceojetm","gtdb","gtfm","gtgoyqrf","gthhrla","gtibjxhbdu","gtmbwc","gtpkrst","gttjwgwkoc"]}
Query: gu -> {"version":"v1","count":10,"results":["gu","guaoecr","guaphntet","gubcgmb","gubzulxtjm","gufqhrh","guicjwk","guihccmck","guivuxytwi","gujmbkpu"]}
Query: gv -> {"version":"v1","count":10,"results":["gv","gvao","gvdj","gvdjw","gvfn","gvgazdbym","gvgykyiqy","gvi","gvl","gvnhbsw"]}
Query: gw -> {"version":"v1","count":10,"results":["gw","gwbolniwxa","gwcknzqh","gwdt","gwfsal","gwhtjlcb","gwjmyj","gwkmd","gwkodlae","gwmkwgvpa"]}
Query: gx -> {"version":"v1","count":10,"results":["gx","gxaw","gxc","gxefpwc","gxf","gxgbdjcoqz","gxmiik","gxoa","gxr","gxsizqgbw"]}
Query: gy -> {"version":"v1","count":10,"results":["gy","gyajnaigs","gyarvqzy","gycqzncqyj","gyealz","gyepgzj","gyexk","gyfrkqqyp","gyfujsw","gyhrvbjkje"]}
Query: gz -> {"version":"v1","count":10,"results":["gzbwbi","gzce","gzcl","gzf","gzg","gzjmrxof","gznqbzhf","gzqbv","gzro","gzrvcd"]}
Query: h -> {"version":"v1","count":10,"results":["ha","hacallak","hadgosj","haehrrotc","haewvvpr","hagpxjwudh","hah","hahacdrg","hajbhhp","hakqntp"]}
Query: ha -> {"version":"v1","count":10,"results":["ha","hacallak","hadgosj","haehrrotc","haewvvpr","hagpxjwudh","hah","hahacdrg","hajbhhp","hakqntp"]}
Query: hb -> {"version":"v1","count":10,"results":["hb","hbajrjqmz","hbbkzk","hbchot","hbeqwovph","hbexk","hbgctdymi","hbhoftcgr","hbjcos","hbkk"]}
Query: hc -> {"version":"v1","count":10,"results":["hc","hcbrgzonzc","hccoyx","hcdr","hchvqt","hcjet","hcnkyjs","hcpyaqxq","hcqboe","hcrjwyuf"]}
Query: hd -> {"version":"v1","count":10,"results":["hd","hda","hddgx","hdeiwkwnks","hdh","hdhs","hdihrspm","hdjoi","hdkb","hdndaxevl"]}
Query: he -> {"version":"v1","count":10,"results":["he","heafg","heafivg","heaflij","heahekn","healodn","heaxhg","heaxwb","hebcdd","hebclk"]}
Query: hf -> {"version":"v1","count":10,"results":["hf","hfcxyafymj","hfeq","hfidqm","hfjwmbi","hfkgy","hfnvxvl","hfowniqai","hfpfdk","hfpomw"]}
Query: hg -> {"version":"v1","count":10,"results":["hg","hgaruotare","hgbcnoiv","hgd","hgf","hgftowfjkb","hggrfo","hghsm","hgkntw","hgoo"]}
Query: hh -> {"version":"v1","count":10,"results":["hh","hhaogewrd","hhboildnxc","hhcqwak","hhenmni","hhepzobizu","hhfqyu","hhhu","hhjxsak","hhkf"]}
Query: hi -> {"version":"v1","count":10,"results":["hi","hibgpxxyi","hijmphbit","hiliiujrw","hilksk","hiogu","hipe","hisuww","hivotx","hivwewxys"]}
Query: hj -> {"version":"v1","count":10,"results":["hj","hjatwpyiyk","hjbztqhafg","hjc","hjcqhfay","hjdfuo","hjezxt","hjn","hjnqlyfyg","hjpivclfjc"]}
Query: hk -> {"version":"v1","count":10,"results":["hk","hkeuylj","hkjdooko","hkkb","hkmvzaeo","hko","hkrzzc","hksyjfktte","hkveklh","hkwkedlvxl"]}
Query: hl -> {"version":"v1","count":10,"results":["hl","hlaexrf","hlagpsoslc","hlags","hlh","hlhymoqn","hlihqjaod","hlldg","hlp","hltpkycvmt"]}
Query: hm -> {"version":"v1","count":10,"results":["hm","hmbgpgxk","hmbwml","hmeftvmr","hmgjtduvjv","hmo","hmqmajoa","hmqrh","hmrip","hmrqzypes"]}
Query: hn -> {"version":"v1","count":10,"results":["hnagf","hncnf","hneuoju","hnfmcgi","hngplgu","hnhc","hnhqk","hnhqyk","hnhscv","hnjhz"]}
Query: ho -> {"version":"v1","count":10,"results":["ho","hodobbs","hoe","hogw","hoh","hohdujho","hoiyjzmyq","hokl","hom","honhtjv"]}
Query: hp -> {"version":"v1","count":10,"results":["hp","hpbrnalt","hpgov","hpgz","hpkcnpydg","hpoippcls","hppq","hpsar","hptnrnbeyu","hpurpykho"]}
Query: hq -> {"version":"v1","count":10,"results":["hq","hqatis","hqfpyssp","hqgl","hqhifcytvl","hqhzrdh","hqkmfiksxu","hqn","hqqq","hqreyejpzn"]}
Query: hr -> {"version":"v1","count":10,"results":["hr","hra","hrfwijt","hrgomiqfwz","hrlq","hrpdbfmgjw","hrqje","hrri","hrv","hrvrslnxnw"]}
Query: hs -> {"version":"v1","count":10,"results":["hs","hsai","hscovpznn","hsdyddpur","hsebswij","hsg","hshafpeg","hsk","hskjxhfqg","hslchcs"]}
Query: ht -> {"version":"v1","count":10,"results":["ht","htalwto","htbblrljxt","hteam","htel","htfefkadm","htgcfh","hth","hthn","hthqsy"]}
Query: hu -> {"version":"v1","count":10,"results":["hu","hueifg","huewjkkhp","hug","hugvcn","huh","hui","huj","humenk","humgjgsrm"]}
Query: hv -> {"version":"v1","count":10,"results":["hv","hvcuao","hvexkgqux","hvfzfg","hvgahbpnj","hvigjvz","hvkdlms","hvlbruef","hvmpkaed","hvntjzhm"]}
Query: hw -> {"version":"v1","count":10,"results":["hw","hwa","hwami","hwbqev","hwepcdcmes","hweq","hwewwq","hwghca","hwgins","hwgwkjb"]}
Query: hx -> {"version":"v1","count":10,"results":["hx","hxdbuc","hxfnmmqs","hxgufeuads","hxkfvsdc","hxonzym","hxosbmf","hxpm","hxrknuhikv","hxsxpxqity"]}
Query: hy -> {"version":"v1","count":10,"results":["hy","hycov","hycw","hyg","hylihqrekf","hyn","hyney","hynwrcs","hyorqnzgqq","hyp"]}
Query: hz -> {"version":"v1","count":10,"results":["hzbibydx","hzdn","hzdwt","hzexorp","hzfiwazc","hzfpn","hzhf","hzhkkjysb","hzi","hziw"]}
Query: i -> {"version":"v1","count":10,"results":["ia","iadutgsn","iaepm","iafqhwlz","iage","iagldgknuu","iakucz","ialhjmca","ialyng","ialyumsur"]}
Query: ia -> {"version":"v1","count":10,"results":["ia","iadutgsn","iaepm","iafqhwlz","iage","iagldgknuu","iakucz","ialhjmca","ialyng","ialyumsur"]}
Query: ib -> {"version":"v1","count":10,"results":["ib","ibardeqg","ibdiylusw","ibix","ibkt","iblhgrgy","ibouyj","iboxzg","ibsdsxwiw","ibsjtnt"]}
Query: ic -> {"version":"v1","count":10,"results":["ic","icb","icejmj","ices","icfg","icgjvexia","icheayu","ichwiejs","ickbst","ickosw"]}
Query: id -> {"version":"v1","count":10,"results":["id","idbwhauc","idh","idrj","idrs","idscruujoo","idwfbnyjnk","idxtsua","idyxkznae","idzwfob"]}
Query: ie -> {"version":"v1","count":10,"results":["iec","iecoxgin","iedqxl","iedx","ieg","iehb","ieinxqoq","iemmuv","iepneakyr","ierykuh"]}
Query: if -> {"version":"v1","count":10,"results":["if","ifdsha","iffsn","ifhodixjzz","ifkajtem","iflyoxuehh","ifmp","ifooiisw","ifs","ifshurkix"]}
Query: ig -> {"version":"v1","count":10,"results":["ig","igagv","igd","igfb","iggqmo","igloe","igm","igo","igogijcin","igphszkzzc"]}
Query: ih -> {"version":"v1","count":10,"results":["ih","ihbjrnuub","ihbwg","ihcfectc","ihdvxmzmpn","ihf","ihgq","ihi","ihii","ihjmwjdbkq"]}
Query: ii -> {"version":"v1","count":10,"results":["ii","iiadwpxni","iic","iidnwuewbh","iidtdtqn","iidttgnr","iidudqbhi","iifplx","iifq","iihjbzj"]}
Query: ij -> {"version":"v1","count":10,"results":["ij","ijarcjplfi","ijhxluqp","ijibjpaaf","ijikpqmle","ijje","ijktzzy","ijnif","ijqhcvu","ijti"]}
Query: ik -> {"version":"v1","count":10,"results":["ik","ika","ikcmzbwe","ikcnd","ikecuwkiwk","ikfy","ikgwlz","ikihcjyss","iklw","ikms"]}
Query: il -> {"version":"v1","count":10,"results":["il","ilafvrxkjc","ilarjes","ilcb","ile","ilkqls","ilkuaucxl","illfgf","illnjtq","ilm"]}
Query: im -> {"version":"v1","count":10,"results":["imggf","imirqfammo","imjxy","imks","imkzoa","immyifun","imnhub","imo","impvvwn","imqbizwd"]}
Query: in -> {"version":"v1","count":10,"results":["in","incpmwz","indwgy","infql","ingeqrxopk","ini","inlxxrda","innzuzjzri","inrsaznx","insbdkjae"]}
Query: io -> {"version":"v1","count":10,"results":["io","ioaqfpz","ioasdhtutf","iobujc","iocjrfuwxp","iohnt","ioibkmdl","iojrrkrv","iokb","iokokudygr"]}
Query: ip -> {"version":"v1","count":10,"results":["ipbzsaz","ipejkzp","ipen","ipf","ipiky","ipj","iplr","ipnxnkvdjl","ipoeenx","ipojcudo"]}
Query: iq -> {"version":"v1","count":10,"results":["iq","iqalbcd","iqcclftfue","iqdazlkc","iqgbu","iqgphkyhjo","iqijshbryj","iqj","iql","iqouuhaaq"]}
Query: ir -> {"version":"v1","count":10,"results":["ir","irajfm","irasrk","irc","irdpe","ireys","irhnzvcc","irin","irkgbxkxf","irley"]}
Query: is -> {"version":"v1","count":10,"results":["is","isb","isbtr","isc","isd","isgopwso","isgqznmr","iskih","islghf","isms"]}
Query: it -> {"version":"v1","count":10,"results":["itauvio","itbagq","itdx","ithic","itomn","itozzj","itrbmwtml","itsbuapyho","itt","ittbwmtud"]}
Query: iu -> {"version":"v1","count":10,"results":["iu","iucqvv","iudwmclthh","iufhcs","iujmyziyoo","iulyqbgp","iuov","iup","iupsjxc","iuqtvdjxy"]}
Query: iv -> {"version":"v1","count":10,"results":["iv","ivaent","ivbuyrkzkn","ivedzjodwo","ivei","iveylf","ivhdn","ivhj","ivi","ivjny"]}
Query: iw -> {"version":"v1","count":10,"results":["iw","iwbvnwy","iwcsdlkoco","iwhdlwilwz","iwigbrmlq","iwjdap","iwozpf","iwpdqpq","iwpgssp","iwqfrct"]}
Query: ix -> {"version":"v1","count":10,"results":["ix","ixaqejm","ixarhgnah","ixcsmatn","ixcte","ixd","ixecruzcq","ixertdfgj","ixhomr","ixhw"]}
Query: iy -> {"version":"v1","count":10,"results":["iy","iycb","iyd","iygjwhhqb","iygkltk","iyiheescgp","iylv","iymodefg","iypqmev","iyq"]}
Query: iz -> {"version":"v1","count":10,"results":["iz","izam","izbcfenw","izcb","izccgez","izgtzjqidj","izijam","izmp","izopzbecjb","izovgx"]}
Query: j -> {"version":"v1","count":10,"results":["ja","jac","jafnqnmuto","jaiexcj","jaiwogr","jaj","jajul","jal","jamud","japitox"]}
Query: ja -> {"version":"v1","count":10,"results":["ja","jac","jafnqnmuto","jaiexcj","jaiwogr","jaj","jajul","jal","jamud","japitox"]}
Query: jb -> {"version":"v1","count":10,"results":["jb","jbe","jbeuh","jbfr","jbgsyrd","jbgwgfw","jbmayd","jbny","jbqbxie","jbrbufcw"]}
Query: jc -> {"version":"v1","count":10,"results":["jc","jcbyvr","jcbzkp","jcc","jce","jcgsdsgs","jcj","jck","jcljt","jcmhjmh"]}
Query: jd -> {"version":"v1","count":10,"results":["jd","jda","jdadknyk","jdc","jdd","jdeciozeyu","jdeog","jdeoziekvu","jdiojf","jdixuy"]}
Query: je -> {"version":"v1","count":10,"results":["jeaclee","jearuevun","jebhitrtq","jebzxlv","jec","jefkm","jegtepvmq","jeievok","jek","jelejxxfo"]}
Query: jf -> {"version":"v1","count":10,"results":["jf","jfaygksrma","jfazpa","jfchcrfez","jfckmdrmcq","jfczfnzdw","jfekybaggy","jfikcri","jfint","jfjnctggns"]}
Query: jg -> {"version":"v1","count":10,"results":["jg","jgavqm","jgdfe","jgdrheudme","jgiije","jgixzmzt","jgnqf","jgo","jgpx","jgq"]}
Query: jh -> {"version":"v1","count":10,"results":["jh","jhbthscpul","jhchuwzrr","jhddja","jhewvrpgbz","jhi","jhisozba","jhn","jhnlcteq","jhoko"]}
Query: ji -> {"version":"v1","count":9,"results":["ji","jidxyxwyq","jif","jifcm","jifwyohlb","jihhtsv","jiir","jirepxok","jirylhxwb"]}
Query: jj -> {"version":"v1","count":10,"results":["jj","jjcydo","jjdtulfalc","jjfpv","jjhtyvdeu","jjincw","jjjfu","jjk","jjkmsnflk","jjryz"]}
Query: jk -> {"version":"v1","count":10,"results":["jk","jkdsdbu","jkeszxv","jkf","jkhquli","jkhv","jkiee","jkiindp","jkjuolsvq","jkkga"]}
Query: jl -> {"version":"v1","count":10,"results":["jl","jlbvgvcza","jldwhnip","jleqoebje","jletxm","jlfy","jlkrsxu","jlmogs","jlsgkvyab","jlzxy"]}
Query: jm -> {"version":"v1","count":10,"results":["jm","jma","jmaqkyjn","jmavgi","jmd","jme","jmeimavil","jmf","jmfq","jmh"]}
Query: jn -> {"version":"v1","count":10,"results":["jn","jnaeg","jnajyk","jnat","jncrrlzol","jndhmx","jngzmrf","jnhedptghm","jniabmubg","jnj"]}
Query: jo -> {"version":"v1","count":10,"results":["jo","joaao","joauv","joeq","jognhxr","joi","jojaz","jokjippg","jonhkcrpvq","joqzdaagwj"]}
Query: jp -> {"version":"v1","count":10,"results":["jp","jpb","jpepzd","jpjsdsyk","jpjwr","jplyli","jpmqeaasm","jpmqeacv","jpmqeacw","jpmqead"]}
Query: jq -> {"version":"v1","count":10,"results":["jq","jqashcii","jqedoo","jqeukzwoq","jqfjw","jqicjbjdxz","jqiqjumkcf","jqjjj","jqjo","jqnd"]}
Query: jr -> {"version":"v1","count":10,"results":["jr","jradbaxbu","jraxewxw","jrbel","jrc","jrcobzrr","jrdh","jrebjv","jrflbkhoxi","jrgnbq"]}
Query: js -> {"version":"v1","count":10,"results":["js","jsc","jscyodvw","jsesy","jskgslfl","jso","jsoy","jsq","jsrxmy","jsusg"]}
Query: jt -> {"version":"v1","count":10,"results":["jt","jtbz","jtdyepsu","jteectcde","jtgfbmyq","jtguorqyg","jthvshzvg","jtjkxdyfe","jtlkckn","jtmtp"]}
Query: ju -> {"version":"v1","count":10,"results":["ju","jual","juavhp","juchx","judxm","jufsispmy","jug","juiuo","jujfwmumh","jujgmxaw"]}
Query: jv -> {"version":"v1","count":10,"results":["jv","jvdqw","jvdyamuf","jvdzyds","jveifue","jvf","jvj","jvjm","jvneexpsb","jvqk"]}
Query: jw -> {"version":"v1","count":10,"results":["jwblj","jwcmi","jwdgxgtm","jwdopr","jwfxelxqgj","jwhzxa","jwiybumfp","jwkoucudf","jwmacvylfa","jwoqaacon"]}
Query: jx -> {"version":"v1","count":10,"results":["jx","jxarbptvko","jxdniu","jxdubuv","jxf","jxgbp","jxgjmjvl","jxiapueddj","jxibaulsdc","jxikle"]}
Query: jy -> {"version":"v1","count":10,"results":["jy","jyaphsmtb","jyaqlexe","jycragat","jydly","jygozyku","jyhqwjq","jyikab","jymysu","jyncsyo"]}
Query: jz -> {"version":"v1","count":10,"results":["jz","jzaxp","jzcaviomt","jzcw","jzd","jzg","jzhiwtnax","jzjz","jzkdgy","jznsqbq"]}
Query: k -> {"version":"v1","count":10,"results":["ka","kaanwcf","kab","kafx","kaljvjpyl","kamjevu","kannqtb","kanx","kaoojyqdjw","kaouj"]}
Query: ka -> {"version":"v1","count":10,"results":["ka","kaanwcf","kab","kafx","kaljvjpyl","kamjevu","kannqtb","kanx","kaoojyqdjw","kaouj"]}
Query: kb -> {"version":"v1","count":10,"results":["kbg","kbihz","kbijqfbvvx","kbk","kbno","kbogwxnk","kbuc","kbucg","kbwnhcsv","kbxri"]}
Query: kc -> {"version":"v1","count":10,"results":["kc","kcaz","kcbxc","kcccxzxvs","kccecmqjqi","kccxt","kcdbq","kcf","kcgb","kcgthcavc"]}
Query: kd -> {"version":"v1","count":10,"results":["kd","kdb","kdbukgg","kdcplqfcn","kddlq","kddudwdbrp","kdeqe","kdgladqnt","kdh","kdhixwh"]}
Query: ke -> {"version":"v1","count":10,"results":["ke","keadicdf","keckvu","keeh","kefef","kefsyhjmd","keggawd","kekca","kenkzf","keothqn"]}
Query: kf -> {"version":"v1","count":7,"results":["kf","kfaaqno","kfbe","kffpmtmupt","kfl","kfoxqam","kfstp"]}
Query: kg -> {"version":"v1","count":10,"results":["kg","kgdljeiuoj","kgffjhumik","kggbdjk","kgizrqayod","kgkehzdq","kgkpw","kgliggmc","kglw","kgmyiwfqan"]}
Query: kh -> {"version":"v1","count":9,"results":["kh","khayghics","khb","khbo","khmyc","khn","khr","khrznplff","khwufakv"]}
Query: ki -> {"version":"v1","count":10,"results":["ki","kiehjbyj","kifcf","kihiutpf","kijevduis","kijysnhdrl","kijzgq","kilrsspkgp","kimjj","kiohjajo"]}
Query: kj -> {"version":"v1","count":10,"results":["kjazqqgk","kjfkmtgj","kjfzl","kjg","kjj","kjlh","kjosknfd","kjrugyeh","kjs","kjsjxkmh"]}
Query: kk -> {"version":"v1","count":10,"results":["kk","kkbygnp","kkcid","kkdtbfcf","kkeaq","kkg","kkh","kkhjs","kki","kklcvwhfrh"]}
Query: kl -> {"version":"v1","count":10,"results":["kl","klaysbvfi","kldplixem","klejw","klfsh","klhdlonx","kljsscydf","kllb","kllcqemtf","kllkho"]}
Query: km -> {"version":"v1","count":10,"results":["km","kmfd","kmfhctibzp","kmfkajn","kmggvnrnrk","kmhu","kmkgcsfwx","kmkwkjfd","kmldpm","kmluvaxia"]}
Query: kn -> {"version":"v1","count":10,"results":["kn","kndwl","knfnwbi","kngvzh","knhyw","knkku","knnrpa","knqnmw","knsfoyo","knstxe"]}
Query: ko -> {"version":"v1","count":10,"results":["ko","koaearjq","kobbta","kod","kojap","komp","konucdcqi","korfvg","korhcolwg","kow"]}
Query: kp -> {"version":"v1","count":10,"results":["kp","kpetbfwoo","kpf","kpgv","kphux","kpkdyxng","kpki","kpuph","kpuwbpdjnx","kpvpl"]}
Query: kq -> {"version":"v1","count":10,"results":["kq","kqb","kqfhs","kqgcvoxlo","kqggscjtav","kqhdtmkcc","kqpkrd","kqt","kqtqnfz","kqu"]}
Query: kr -> {"version":"v1","count":10,"results":["kr","krbkad","krdrz","krgpxe","krgukof","krhe","krhfavsin","krimatj","krkmrbfnq","krmov"]}
Query: ks -> {"version":"v1","count":10,"results":["ks","ksa","ksanf","ksckzweas","ksf","ksgv","kshc","kshenk","ksimqywud","kslm"]}
Query: kt -> {"version":"v1","count":10,"results":["kt","ktaorirljq","ktb","ktckdxax","ktds","ktf","ktiwkjmirh","ktn","ktnflpy","ktpubohot"]}
Query: ku -> {"version":"v1","count":10,"results":["ku","kuavcmpo","kuavx","kudmiomid","kufxsqhw","kuhqmmxif","kujheourur","kuk","kulfv","kunbobz"]}
Query: kv -> {"version":"v1","count":10,"results":["kv","kvcjwsnd","kvdewiu","kvejlxhl","kviaxlehf","kvjdyhydva","kvkhc","kvkmdmm","kvnknkns","kvpk"]}
Query: kw -> {"version":"v1","count":10,"results":["kw","kwarvwaku","kwawiriz","kwculr","kwdkdkib","kwj","kwjvjccjk","kwk","kwklvmrs","kwmaadhb"]}
Query: kx -> {"version":"v1","count":10,"results":["kxblzndrrx","kxbzdkgpx","kxdhebx","kxf","kxgxfysfro","kxhvemd","kxjboi","kxkkrht","kxlrcjwx","kxoc"]}
Query: ky -> {"version":"v1","count":10,"results":["ky","kyaeyib","kyaq","kyencn","kyf","kyfcfvs","kyfjmejs","kyfskehm","kygfi","kyioshooy"]}
Query: kz -> {"version":"v1","count":10,"results":["kz","kza","kzg","kzgnjepqz","kzixlxta","kzleeytk","kznhxqcf","kzoohmubve","kzt","kztdqumkso"]}
Query: l -> {"version":"v1","count":10,"results":["la","laahwcr","laaqdm","labfc","ladcbnoz","lae","lakjldiqtj","laolrbqyt","laotdaf","lap"]}
Query: la -> {"version":"v1","count":10,"results":["la","laahwcr","laaqdm","labfc","ladcbnoz","lae","lakjldiqtj","laolrbqyt","laotdaf","lap"]}
Query: lb -> {"version":"v1","count":10,"results":["lb","lbe","lbhfvwlqvx","lbi","lbinunj","lbjgotjb","lbl","lblcyo","lblv","lbmoiwrpet"]}
Query: lc -> {"version":"v1","count":10,"results":["lcbhlukxhn","lccilmsuqu","lccwp","lcdxpkge","lcef","lceuchf","lcewhywet","lcfjzpwkzf","lcg","lck"]}
Query: ld -> {"version":"v1","count":10,"results":["ld","ldaytzicl","ldbmju","ldbpheib","ldcbivo","lden","ldfjdcobdn","ldhpodv","ldixpcecdz","ldrzmkms"]}
Query: le -> {"version":"v1","count":10,"results":["le","lebfykrad","leczcoftp","ledwc","lef","legbl","legmcw","lekbj","lekotrsfc","leqnxgyh"]}
Query: lf -> {"version":"v1","count":10,"results":["lf","lfd","lfdftwiq","lfenbdnve","lfgqudoils","lfgyjxfcu","lfhjl","lfj","lfkmypnns","lfntymd"]}
Query: lg -> {"version":"v1","count":10,"results":["lg","lgbtstfh","lgixopm","lglvbjqzq","lgmximhne","lgpfsf","lgpi","lgppicsyb","lgtsjoyum","lguarab"]}
Query: lh -> {"version":"v1","count":10,"results":["lh","lhb","lhbotg","lhefgakqwp","lhgediby","lhjgak","lhjuspnkv","lhldbrmin","lhmgmy","lhuzja"]}
Query: li -> {"version":"v1","count":8,"results":["liayryir","licvciuxj","lipmoidq","liufhksyb","livddjkeys","livpklkvv","liwjkfn","lixqrauqi"]}
Query: lj -> {"version":"v1","count":10,"results":["lj","ljai","ljaoox","ljbbq","ljccuxh","ljg","ljjc","ljjkvuy","ljkqunzumy","ljmfcgzbdj"]}
Query: lk -> {"version":"v1","count":10,"results":["lk","lkcjgjhjor","lkd","lkdi","lkdpcjmc","lketmzzk","lkfe","lkjfnloeh","lkjwq","lkkehn"]}
Query: ll -> {"version":"v1","count":10,"results":["ll","llc","llh","llio","lljjy","lllau","llmvh","llmxe","llna","llpn"]}
Query: lm -> {"version":"v1","count":10,"results":["lm","lmbeijmyv","lmbv","lmcepc","lmglnepog","lmgvhb","lmh","lmhi","lmhtxhwf","lmlcaxiox"]}
Query: ln -> {"version":"v1","count":10,"results":["ln","lnbfoimky","lndcftqqyq","lnhwpoopcl","lnicn","lnknujf","lnksnivcdq","lnmwnqvjq","lnof","lnoxwatd"]}
Query: lo -> {"version":"v1","count":10,"results":["lo","lobnr","lod","loddnoqzm","loeg","lopflg","lorwutub","losxsmpojo","louupq","lowxrwgmj"]}
Query: lp -> {"version":"v1","count":10,"results":["lpa","lpcddbrjd","lpcur","lpdq","lpephf","lpfdhd","lpi","lpjvifol","lpklem","lpnyp"]}
Query: lq -> {"version":"v1","count":10,"results":["lq","lqazb","lqblx","lqdvitduh","lqgnneszu","lqj","lqkfwuaeqq","lqkqocqzk","lqnc","lqow"]}
Query: lr -> {"version":"v1","count":10,"results":["lr","lrab","lrabcqe","lrabhno","lrad","lrafcya","lral","lramaz","lrameal","lramsax"]}
Query: ls -> {"version":"v1","count":10,"results":["ls","lsaaags","lsahas","lsc","lsd","lse","lseboshf","lsfnjest","lskgun","lskh"]}
Query: lt -> {"version":"v1","count":10,"results":["lt","ltacf","ltaoijlbkw","ltbmzqfked","ltdvrkzt","lte","ltfinw","ltfooqwre","ltgynrcnqx","ltirggjak"]}
Query: lu -> {"version":"v1","count":10,"results":["lu","luajprcgz","lubabkmmj","lucwots","ludhrmclu","lugq","luhhwtn","luhogede","luih","lujqjbyjd"]}
Query: lv -> {"version":"v1","count":10,"results":["lv","lvaitskz","lvctwrqkr","lvgydcitem","lvlj","lvll","lvltpjbhhv","lvqywb","lvsa","lvvnngbnr"]}
Query: lw -> {"version":"v1","count":10,"results":["lw","lwbba","lwbj","lwesfexs","lwfm","lwgqpukej","lwjwxr","lwlqhyltvc","lwmb","lwqn"]}
Query: lx -> {"version":"v1","count":10,"results":["lx","lxamd","lxefp","lxf","lxgarm","lxgtrzvutn","lxhizdnvtw","lxitweov","lxjjlhslii","lxliqfz"]}
Query: ly -> {"version":"v1","count":10,"results":["ly","lyaw","lychfxzyrh","lyeogmtyiv","lyflwzss","lygoakkit","lyitemn","lynsxstrer","lynyfpikp","lyofhs"]}
Query: lz -> {"version":"v1","count":10,"results":["lzaquwierb","lzequultrc","lzf","lzgejpchmv","lzjttwa","lzkrjt","lznh","lzo","lzogtsbf","lzorxgstd"]}
Query: m -> {"version":"v1","count":10,"results":["ma","maafvblqbg","mad","mahbytdg","majlrnhd","majnsencqw","makvtzhrgd","mauad","maxcf","maxdjmicth"]}
Query: ma -> {"version":"v1","count":10,"results":["ma","maafvblqbg","mad","mahbytdg","majlrnhd","majnsencqw","makvtzhrgd","mauad","maxcf","maxdjmicth"]}
Query: mb -> {"version":"v1","count":10,"results":["mbagtgdf","mbcgkoe","mbdwjwzquc","mbhwvfav","mbia","mbjvgis","mbkutnkqqt","mblfrtu","mbmnrqvubd","mbmpwiolvf"]}
Query: mc -> {"version":"v1","count":10,"results":["mc","mcaj","mcaomq","mcb","mcchgyip","mcd","mcfhjtryvn","mcftfcj","mcgr","mchwel"]}
Query: md -> {"version":"v1","count":10,"results":["mdeynpu","mdj","mdlljwqy","mdnptx","mdp","mdrhgyo","mdrs","mdssqgw","mduyjmczbz","mdw"]}
Query: me -> {"version":"v1","count":10,"results":["me","meahculqje","mebgdckm","mecekvc","meeqfan","mef","mefktlk","meigjpj","mekfvyz","mekhoe"]}
Query: mf -> {"version":"v1","count":10,"results":["mf","mfbsh","mffbnjs","mffhxiqdk","mfflb","mffoaxxv","mfg","mfgmwlidw","mfhgdoj","mfjifxtkfn"]}
Query: mg -> {"version":"v1","count":10,"results":["mg","mgaayu","mgabmx","mgac","mgafgs","mgahqj","mgai","mgajb","mgakjm","mgakuho"]}
Query: mh -> {"version":"v1","count":10,"results":["mh","mhblp","mhcbrg","mhcyhn","mhep","mhjalktvto","mhmsmllk","mhmzxassn","mhnrlf","mhoocvdk"]}
Query: mi -> {"version":"v1","count":10,"results":["mic","midg","midx","miexnl","mih","mileyoluds","mimbslgj","mioulyluxa","mirifkq","misxgvfxsk"]}
Query: mj -> {"version":"v1","count":10,"results":["mj","mjaqawk","mjbhy","mjbvx","mjc","mje","mjek","mjf","mjfimxcsp","mjgeehsvos"]}
Query: mk -> {"version":"v1","count":10,"results":["mk","mkccrdm","mkctgiyke","mkcxy","mkf","mkieal","mkieyt","mkiiuwagd","mkkoier","mkkwdm"]}
Query: ml -> {"version":"v1","count":10,"results":["ml","mlamvpcne","mlctzv","mldrnxpdx","mli","mlipd","mljrdvruh","mlovmkn","mltxxbefm","mluklif"]}
Query: mm -> {"version":"v1","count":10,"results":["mm","mmfglzldl","mmgajjmhmt","mmhp","mmjr","mmkry","mmljfnbpw","mmlluv","mmlolwmxe","mmmc"]}
Query: mn -> {"version":"v1","count":10,"results":["mn","mnagbvuej","mnajz","mnc","mnczyodq","mndp","mnexhun","mng","mngedrhfk","mnggjjtjl"]}
Query: mo -> {"version":"v1","count":10,"results":["mo","moaiijgpg","mob","moe","moeh","mofitxb","momgjt","monbsuoobi","mopj","moqlnvdgmm"]}
Query: mp -> {"version":"v1","count":10,"results":["mp","mpay","mpbjfnqr","mpcusmf","mpdgl","mpdqgwx","mpfkhnpac","mpfyn","mpic","mpl"]}
Query: mq -> {"version":"v1","count":10,"results":["mq","mqcfstyofv","mqf","mqfemep","mqfsmdf","mqfyqknn","mqgmtqa","mqhgbghof","mqhunc","mqionb"]}
