Query: dp -> Request failed with status code 429
Query: dq -> Request failed with status code 429
Query: dr -> Request failed with status code 429
Query: ds -> Request failed with status code 429
Query: dt -> Request failed with status code 429
Query: du -> Request failed with status code 429
Query: dv -> Request failed with status code 429
Query: dw -> Request failed with status code 429
Query: dx -> Request failed with status code 429
Query: dy -> Request failed with status code 429
Query: dz -> Request failed with status code 429
Query: e -> Request failed with status code 429
Query: ea -> Request failed with status code 429
Query: eb -> Request failed with status code 429
Query: ec -> Request failed with status code 429
Query: ed -> Request failed with status code 429
Query: ee -> Request failed with status code 429
Query: ef -> Request failed with status code 429
Query: eg -> Request failed with status code 429
Query: eh -> Request failed with status code 429
Query: ei -> Request failed with status code 429
Query: ej -> Request failed with status code 429
Query: ek -> Request failed with status code 429
Query: el -> Request failed with status code 429
Query: em -> Request failed with status code 429
Query: en -> Request failed with status code 429
Query: eo -> Request failed with status code 429
Query: ep -> Request failed with status code 429
Query: eq -> Request failed with status code 429
Query: er -> Request failed with status code 429
Query: es -> Request failed with status code 429
Query: et -> Request failed with status code 429
Query: eu -> Request failed with status code 429
Query: ev -> Request failed with status code 429
Query: ew -> Request failed with status code 429
Query: ex -> Request failed with status code 429
Query: ey -> Request failed with status code 429
Query: ez -> Request failed with status code 429
Query: f -> Request failed with status code 429
Query: fa -> Request failed with status code 429
Query: fb -> Request failed with status code 429
Query: fc -> Request failed with status code 429
Query: fd -> Request failed with status code 429
Query: fe -> Request failed with status code 429
Query: ff -> Request failed with status code 429
Query: fg -> Request failed with status code 429
Query: fh -> Request failed with status code 429
Query: fi -> Request failed with status code 429
Query: fj -> Request failed with status code 429
Query: fk -> Request failed with status code 429
Query: fl -> Request failed with status code 429
Query: fm -> Request failed with status code 429
Query: fn -> Request failed with status code 429
Query: fo -> Request failed with status code 429
Query: fp -> Request failed with status code 429
Query: fq -> Request failed with status code 429
Query: fr -> Request failed with status code 429
Query: fs -> Request failed with status code 429
Query: ft -> Request failed with status code 429
Query: fu -> Request failed with status code 429
Query: fv -> Request failed with status code 429
Query: fw -> Request failed with status code 429
Query: fx -> Request failed with status code 429
Query: fy -> Request failed with status code 429
Query: fz -> Request failed with status code 429
Query: g -> Request failed with status code 429
Query: ga -> Request failed with status code 429
Query: gb -> Request failed with status code 429
Query: gc -> Request failed with status code 429
Query: gd -> Request failed with status code 429
Query: ge -> Request failed with status code 429
Query: gf -> Request failed with status code 429
Query: gg -> Request failed with status code 429
Query: gh -> Request failed with status code 429
Query: gi -> Request failed with status code 429
Query: gj -> Request failed with status code 429
Query: gk -> Request failed with status code 429
Query: gl -> Request failed with status code 429
Query: gm -> Request failed with status code 429
Query: gn -> Request failed with status code 429
Query: go -> Request failed with status code 429
Query: gp -> Request failed with status code 429
Query: gq -> Request failed with status code 429
Query: gr -> Request failed with status code 429
Query: gs -> Request failed with status code 429
Query: gt -> Request failed with status code 429
Query: gu -> Request failed with status code 429
Query: gv -> Request failed with status code 429
Query: gw -> Request failed with status code 429
Query: gx -> Request failed with status code 429
Query: gy -> Request failed with status code 429
Query: gz -> Request failed with status code 429
Query: h -> Request failed with status code 429
Query: ha -> Request failed with status code 429
Query: hb -> Request failed with status code 429
Query: hc -> Request failed with status code 429
Query: hd -> Request failed with status code 429
Query: he -> Request failed with status code 429
Query: hf -> Request failed with status code 429
Query: hg -> Request failed with status code 429
Query: hh -> Request failed with status code 429
Query: hi -> Request failed with status code 429
Query: hj -> Request failed with status code 429
Query: hk -> Request failed with status code 429
Query: hl -> Request failed with status code 429
Query: hm -> Request failed with status code 429
Query: hn -> Request failed with status code 429
Query: ho -> Request failed with status code 429
Query: hp -> Request failed with status code 429
Query: hq -> Request failed with status code 429
Query: hr -> Request failed with status code 429
Query: hs -> Request failed with status code 429
Query: ht -> Request failed with status code 429
Query: hu -> Request failed with status code 429
Query: hv -> Request failed with status code 429
Query: hw -> Request failed with status code 429
Query: hx -> Request failed with status code 429
Query: hy -> Request failed with status code 429
Query: hz -> Request failed with status code 429
Query: i -> Request failed with status code 429
Query: ia -> Request failed with status code 429
Query: ib -> Request failed with status code 429
Query: ic -> Request failed with status code 429
Query: id -> Request failed with status code 429
Query: ie -> Request failed with status code 429
Query: if -> Request failed with status code 429
Query: ig -> Request failed with status code 429
Query: ih -> Request failed with status code 429
Query: ii -> Request failed with status code 429
Query: ij -> Request failed with status code 429
Query: ik -> Request failed with status code 429
Query: il -> Request failed with status code 429
Query: im -> Request failed with status code 429
Query: in -> Request failed with status code 429
Query: io -> Request failed with status code 429
Query: ip -> Request failed with status code 429
Query: iq -> Request failed with status code 429
Query: ir -> Request failed with status code 429
Query: is -> Request failed with status code 429
Query: it -> Request failed with status code 429
Query: iu -> Request failed with status code 429
Query: iv -> Request failed with status code 429
Query: iw -> Request failed with status code 429
Query: ix -> Request failed with status code 429
Query: iy -> Request failed with status code 429
Query: iz -> Request failed with status code 429
Query: j -> Request failed with status code 429
Query: ja -> Request failed with status code 429
Query: jb -> Request failed with status code 429
Query: jc -> Request failed with status code 429
Query: jd -> Request failed with status code 429
Query: je -> Request failed with status code 429
Query: jf -> Request failed with status code 429
Query: jg -> Request failed with status code 429
Query: jh -> Request failed with status code 429
Query: ji -> Request failed with status code 429
Query: jj -> Request failed with status code 429
Query: jk -> Request failed with status code 429
Query: jl -> Request failed with status code 429
Query: jm -> Request failed with status code 429
Query: jn -> Request failed with status code 429
Query: jo -> Request failed with status code 429
Query: jp -> Request failed with status code 429
Query: jq -> Request failed with status code 429
Query: jr -> Request failed with status code 429
Query: js -> Request failed with status code 429
Query: jt -> Request failed with status code 429
Query: ju -> Request failed with status code 429
Query: jv -> Request failed with status code 429
Query: jw -> Request failed with status code 429
Query: jx -> Request failed with status code 429
Query: jy -> Request failed with status code 429
Query: jz -> Request failed with status code 429
Query: k -> Request failed with status code 429
Query: ka -> Request failed with status code 429
Query: kb -> Request failed with status code 429
Query: kc -> Request failed with status code 429
Query: kd -> Request failed with status code 429
Query: ke -> Request failed with status code 429
Query: kf -> Request failed with status code 429
Query: kg -> Request failed with status code 429
Query: kh -> Request failed with status code 429
Query: ki -> Request failed with status code 429
Query: kj -> Request failed with status code 429
Query: kk -> Request failed with status code 429
Query: kl -> Request failed with status code 429
Query: km -> Request failed with status code 429
Query: kn -> Request failed with status code 429
Query: ko -> Request failed with status code 429
Query: kp -> Request failed with status code 429
Query: kq -> Request failed with status code 429
Query: kr -> Request failed with status code 429
Query: ks -> Request failed with status code 429
Query: kt -> Request failed with status code 429
Query: ku -> Request failed with status code 429
Query: kv -> Request failed with status code 429
Query: kw -> Request failed with status code 429
Query: kx -> Request failed with status code 429
Query: ky -> Request failed with status code 429
Query: kz -> Request failed with status code 429
Query: l -> Request failed with status code 429
Query: la -> Request failed with status code 429
Query: lb -> Request failed with status code 429
Query: lc -> Request failed with status code 429
Query: ld -> Request failed with status code 429
Query: le -> Request failed with status code 429
Query: lf -> Request failed with status code 429
Query: lg -> Request failed with status code 429
Query: lh -> Request failed with status code 429
Query: li -> Request failed with status code 429
Query: lj -> Request failed with status code 429
Query: lk -> Request failed with status code 429
Query: ll -> Request failed with status code 429
Query: lm -> Request failed with status code 429
Query: ln -> Request failed with status code 429
Query: lo -> Request failed with status code 429
Query: lp -> Request failed with status code 429
Query: lq -> Request failed with status code 429
Query: lr -> Request failed with status code 429
Query: ls -> Request failed with status code 429
Query: lt -> Request failed with status code 429
Query: lu -> Request failed with status code 429
Query: lv -> Request failed with status code 429
Query: lw -> Request failed with status code 429
Query: lx -> Request failed with status code 429
Query: ly -> Request failed with status code 429
Query: lz -> Request failed with status code 429
Query: m -> Request failed with status code 429
Query: ma -> Request failed with status code 429
Query: mb -> Request failed with status code 429
Query: mc -> Request failed with status code 429
Query: md -> Request failed with status code 429
Query: me -> Request failed with status code 429
Query: mf -> Request failed with status code 429
Query: mg -> Request failed with status code 429
Query: mh -> Request failed with status code 429
Query: mi -> Request failed with status code 429
Query: mj -> Request failed with status code 429
Query: mk -> Request failed with status code 429
Query: ml -> Request failed with status code 429
Query: mm -> Request failed with status code 429
Query: mn -> Request failed with status code 429
Query: mo -> Request failed with status code 429
Query: mp -> Request failed with status code 429
Query: mq -> Request failed with status code 429
Query: mr -> Request failed with status code 429
Query: ms -> Request failed with status code 429
Query: mt -> Request failed with status code 429
Query: mu -> Request failed with status code 429
Query: mv -> Request failed with status code 429
Query: mw -> Request failed with status code 429
Query: mx -> Request failed with status code 429
Query: my -> Request failed with status code 429
Query: mz -> Request failed with status code 429
Query: n -> Request failed with status code 429
Query: na -> Request failed with status code 429
Query: nb -> Request failed with status code 429
Query: nc -> Request failed with status code 429
Query: nd -> Request failed with status code 429
Query: ne -> Request failed with status code 429
Query: nf -> Request failed with status code 429
Query: ng -> Request failed with status code 429
Query: nh -> Request failed with status code 429
Query: ni -> Request failed with status code 429
Query: nj -> Request failed with status code 429
Query: nk -> Request failed with status code 429
Query: nl -> Request failed with status code 429
Query: nm -> Request failed with status code 429
Query: nn -> Request failed with status code 429
Query: no -> Request failed with status code 429
Query: np -> Request failed with status code 429
Query: nq -> Request failed with status code 429
Query: nr -> Request failed with status code 429
Query: ns -> Request failed with status code 429
Query: nt -> Request failed with status code 429
Query: nu -> Request failed with status code 429
Query: nv -> Request failed with status code 429
Query: nw -> Request failed with status code 429
Query: nx -> Request failed with status code 429
Query: ny -> Request failed with status code 429
Query: nz -> Request failed with status code 429
Query: o -> Request failed with status code 429
Query: oa -> Request failed with status code 429
Query: ob -> Request failed with status code 429
Query: oc -> Request failed with status code 429
Query: od -> Request failed with status code 429
Query: oe -> Request failed with status code 429
Query: of -> Request failed with status code 429
Query: og -> Request failed with status code 429
Query: oh -> Request failed with status code 429
Query: oi -> Request failed with status code 429
Query: oj -> Request failed with status code 429
Query: ok -> Request failed with status code 429
Query: ol -> Request failed with status code 429
Query: om -> Request failed with status code 429
Query: on -> Request failed with status code 429
Query: oo -> Request failed with status code 429
Query: op -> Request failed with status code 429
Query: oq -> Request failed with status code 429
Query: or -> Request failed with status code 429
Query: os -> Request failed with status code 429
Query: ot -> Request failed with status code 429
Query: ou -> Request failed with status code 429
Query: ov -> Request failed with status code 429
Query: ow -> Request failed with status code 429
Query: ox -> Request failed with status code 429
Query: oy -> Request failed with status code 429
Query: oz -> Request failed with status code 429
Query: p -> Request failed with status code 429
Query: pa -> Request failed with status code 429
Query: pb -> Request failed with status code 429
Query: pc -> Request failed with status code 429
Query: pd -> Request failed with status code 429
Query: pe -> Request failed with status code 429
Query: pf -> Request failed with status code 429
Query: pg -> Request failed with status code 429
Query: ph -> Request failed with status code 429
Query: pi -> Request failed with status code 429
Query: pj -> Request failed with status code 429
Query: pk -> Request failed with status code 429
Query: pl -> Request failed with status code 429
Query: pm -> Request failed with status code 429
Query: pn -> Request failed with status code 429
Query: po -> Request failed with status code 429
Query: pp -> Request failed with status code 429
Query: pq -> Request failed with status code 429
Query: pr -> Request failed with status code 429
Query: ps -> Request failed with status code 429
Query: pt -> Request failed with status code 429
Query: pu -> Request failed with status code 429
Query: pv -> Request failed with status code 429
Query: pw -> Request failed with status code 429
Query: px -> Request failed with status code 429
Query: py -> Request failed with status code 429
Query: pz -> Request failed with status code 429
Query: q -> Request failed with status code 429
Query: qa -> Request failed with status code 429
Query: qb -> Request failed with status code 429
Query: qc -> Request failed with status code 429
Query: qd -> Request failed with status code 429
Query: qe -> Request failed with status code 429
Query: qf -> Request failed with status code 429
Query: qg -> Request failed with status code 429
Query: qh -> Request failed with status code 429
Query: qi -> Request failed with status code 429
Query: qj -> Request failed with status code 429
Query: qk -> Request failed with status code 429
Query: ql -> Request failed with status code 429
Query: qm -> Request failed with status code 429
Query: qn -> Request failed with status code 429
Query: qo -> Request failed with status code 429
Query: qp -> Request failed with status code 429
Query: qq -> Request failed with status code 429
Query: qr -> Request failed with status code 429
Query: qs -> Request failed with status code 429
Query: qt -> Request failed with status code 429
Query: qu -> Request failed with status code 429
Query: qv -> Request failed with status code 429
Query: qw -> Request failed with status code 429
Query: qx -> Request failed with status code 429
Query: qy -> Request failed with status code 429
Query: qz -> Request failed with status code 429
Query: r -> Request failed with status code 429
Query: ra -> Request failed with status code 429
Query: rb -> Request failed with status code 429
Query: rc -> Request failed with status code 429
Query: rd -> Request failed with status code 429
Query: re -> Request failed with status code 429
Query: rf -> Request failed with status code 429
Query: rg -> Request failed with status code 429
Query: rh -> Request failed with status code 429
Query: ri -> Request failed with status code 429
Query: rj -> Request failed with status code 429
Query: rk -> Request failed with status code 429
Query: rl -> Request failed with status code 429
Query: rm -> Request failed with status code 429
Query: rn -> Request failed with status code 429
Query: ro -> Request failed with status code 429
Query: rp -> Request failed with status code 429
Query: rq -> Request failed with status code 429
Query: rr -> Request failed with status code 429
Query: rs -> Request failed with status code 429
Query: rt -> Request failed with status code 429
Query: ru -> Request failed with status code 429
Query: rv -> Request failed with status code 429
Query: rw -> Request failed with status code 429
Query: rx -> Request failed with status code 429
Query: ry -> Request failed with status code 429
Query: rz -> Request failed with status code 429
Query: s -> Request failed with status code 429
Query: sa -> Request failed with status code 429
Query: sb -> Request failed with status code 429
Query: sc -> Request failed with status code 429
Query: sd -> Request failed with status code 429
Query: se -> Request failed with status code 429
Query: sf -> Request failed with status code 429
Query: sg -> Request failed with status code 429
Query: sh -> Request failed with status code 429
Query: si -> Request failed with status code 429
Query: sj -> Request failed with status code 429
Query: sk -> Request failed with status code 429
Query: sl -> Request failed with status code 429
Query: sm -> Request failed with status code 429
Query: sn -> Request failed with status code 429
Query: so -> Request failed with status code 429
Query: sp -> Request failed with status code 429
Query: sq -> Request failed with status code 429
Query: sr -> Request failed with status code 429
Query: ss -> Request failed with status code 429
Query: st -> Request failed with status code 429
Query: su -> Request failed with status code 429
Query: sv -> Request failed with status code 429
Query: sw -> Request failed with status code 429
Query: sx -> Request failed with status code 429
Query: sy -> Request failed with status code 429
Query: sz -> Request failed with status code 429
Query: t -> Request failed with status code 429
Query: ta -> Request failed with status code 429
Query: tb -> Request failed with status code 429
Query: tc -> Request failed with status code 429
Query: td -> Request failed with status code 429
Query: te -> Request failed with status code 429
Query: tf -> Request failed with status code 429
Query: tg -> Request failed with status code 429
Query: th -> Request failed with status code 429
Query: ti -> Request failed with status code 429
Query: tj -> Request failed with status code 429
Query: tk -> Request failed with status code 429
Query: tl -> Request failed with status code 429
Query: tm -> Request failed with status code 429
Query: tn -> Request failed with status code 429
Query: to -> Request failed with status code 429
Query: tp -> Request failed with status code 429
Query: tq -> Request failed with status code 429
Query: tr -> Request failed with status code 429
Query: ts -> Request failed with status code 429
Query: tt -> Request failed with status code 429
Query: tu -> Request failed with status code 429
Query: tv -> Request failed with status code 429
Query: tw -> Request failed with status code 429
Query: tx -> Request failed with status code 429
Query: ty -> Request failed with status code 429
Query: tz -> Request failed with status code 429
Query: u -> Request failed with status code 429
Query: ua -> Request failed with status code 429
Query: ub -> Request failed with status code 429
Query: uc -> Request failed with status code 429
Query: ud -> Request failed with status code 429
Query: ue -> Request failed with status code 429
Query: uf -> Request failed with status code 429
Query: ug -> Request failed with status code 429
Query: uh -> Request failed with status code 429
Query: ui -> Request failed with status code 429
Query: uj -> Request failed with status code 429
Query: uk -> Request failed with status code 429
Query: ul -> Request failed with status code 429
Query: um -> Request failed with status code 429
Query: un -> Request failed with status code 429
Query: uo -> Request failed with status code 429
Query: up -> Request failed with status code 429
Query: uq -> Request failed with status code 429
Query: ur -> Request failed with status code 429
Query: us -> Request failed with status code 429
Query: ut -> Request failed with status code 429
Query: uu -> Request failed with status code 429
Query: uv -> Request failed with status code 429
Query: uw -> Request failed with status code 429
Query: ux -> Request failed with status code 429
Query: uy -> Request failed with status code 429
Query: uz -> Request failed with status code 429
Query: v -> Request failed with status code 429
Query: va -> Request failed with status code 429
Query: vb -> Request failed with status code 429
Query: vc -> Request failed with status code 429
Query: vd -> Request failed with status code 429
Query: ve -> Request failed with status code 429
Query: vf -> Request failed with status code 429
Query: vg -> Request failed with status code 429
Query: vh -> Request failed with status code 429
Query: vi -> Request failed with status code 429
Query: vj -> Request failed with status code 429
Query: vk -> Request failed with status code 429
Query: vl -> Request failed with status code 429
Query: vm -> Request failed with status code 429
Query: vn -> Request failed with status code 429
Query: vo -> Request failed with status code 429
Query: vp -> Request failed with status code 429
Query: vq -> Request failed with status code 429
Query: vr -> Request failed with status code 429
Query: vs -> Request failed with status code 429
Query: vt -> Request failed with status code 429
Query: vu -> Request failed with status code 429
Query: vv -> Request failed with status code 429
Query: vw -> Request failed with status code 429
Query: vx -> Request failed with status code 429
Query: vy -> Request failed with status code 429
Query: vz -> Request failed with status code 429
Query: w -> Request failed with status code 429
Query: wa -> Request failed with status code 429
Query: wb -> Request failed with status code 429
Query: wc -> Request failed with status code 429
Query: wd -> Request failed with status code 429
Query: we -> Request failed with status code 429
Query: wf -> Request failed with status code 429
Query: wg -> Request failed with status code 429
Query: wh -> Request failed with status code 429
Query: wi -> Request failed with status code 429
Query: wj -> Request failed with status code 429
Query: wk -> Request failed with status code 429
Query: wl -> Request failed with status code 429
Query: wm -> Request failed with status code 429
Query: wn -> Request failed with status code 429
Query: wo -> Request failed with status code 429
Query: wp -> Request failed with status code 429
Query: wq -> Request failed with status code 429
Query: wr -> Request failed with status code 429
Query: ws -> Request failed with status code 429
Query: wt -> Request failed with status code 429
Query: wu -> Request failed with status code 429
Query: wv -> Request failed with status code 429
Query: ww -> Request failed with status code 429
Query: wx -> Request failed with status code 429
Query: wy -> Request failed with status code 429
Query: wz -> Request failed with status code 429
Query: x -> Request failed with status code 429
Query: xa -> Request failed with status code 429
Query: xb -> Request failed with status code 429
Query: xc -> Request failed with status code 429
Query: xd -> Request failed with status code 429
Query: xe -> Request failed with status code 429
Query: xf -> Request failed with status code 429
Query: xg -> Request failed with status code 429
Query: xh -> Request failed with status code 429
Query: xi -> Request failed with status code 429
Query: xj -> Request failed with status code 429
Query: xk -> Request failed with status code 429
Query: xl -> Request failed with status code 429
Query: xm -> Request failed with status code 429
Query: xn -> Request failed with status code 429
Query: xo -> Request failed with status code 429
Query: xp -> Request failed with status code 429
Query: xq -> Request failed with status code 429
Query: xr -> Request failed with status code 429
Query: xs -> Request failed with status code 429
Query: xt -> Request failed with status code 429
Query: xu -> Request failed with status code 429
Query: xv -> Request failed with status code 429
Query: xw -> Request failed with status code 429
Query: xx -> Request failed with status code 429
Query: xy -> Request failed with status code 429
Query: xz -> Request failed with status code 429
Query: y -> Request failed with status code 429
Query: ya -> Request failed with status code 429
Query: yb -> Request failed with status code 429
Query: yc -> Request failed with status code 429
Query: yd -> Request failed with status code 429
Query: ye -> Request failed with status code 429
Query: yf -> Request failed with status code 429
Query: yg -> Request failed with status code 429
Query: yh -> Request failed with status code 429
Query: yi -> Request failed with status code 429
Query: yj -> Request failed with status code 429
Query: yk -> Request failed with status code 429
Query: yl -> Request failed with status code 429
Query: ym -> Request failed with status code 429
Query: yn -> Request failed with status code 429
Query: yo -> Request failed with status code 429
Query: yp -> Request failed with status code 429
Query: yq -> Request failed with status code 429
Query: yr -> Request failed with status code 429
Query: ys -> Request failed with status code 429
Query: yt -> Request failed with status code 429
Query: yu -> Request failed with status code 429
Query: yv -> Request failed with status code 429
Query: yw -> Request failed with status code 429
Query: yx -> Request failed with status code 429
Query: yy -> Request failed with status code 429
Query: yz -> Request failed with status code 429
Query: z -> Request failed with status code 429
Query: za -> Request failed with status code 429
Query: zb -> Request failed with status code 429
Query: zc -> Request failed with status code 429
Query: zd -> Request failed with status code 429
Query: ze -> Request failed with status code 429
Query: zf -> Request failed with status code 429
Query: zg -> Request failed with status code 429
Query: zh -> Request failed with status code 429
Query: zi -> Request failed with status code 429
Query: zj -> Request failed with status code 429
Query: zk -> Request failed with status code 429
Query: zl -> Request failed with status code 429
Query: zm -> Request failed with status code 429
Query: zn -> Request failed with status code 429
Query: zo -> Request failed with status code 429
Query: zp -> Request failed with status code 429
Query: zq -> Request failed with status code 429
Query: zr -> Request failed with status code 429
Query: zs -> Request failed with status code 429
Query: zt -> Request failed with status code 429
Query: zu -> Request failed with status code 429
Query: zv -> Request failed with status code 429
Query: zw -> Request failed with status code 429
Query: zx -> Request failed with status code 429
Query: zy -> Request failed with status code 429
Query: zz -> Request failed with status code 429
